#
# There is insufficient memory for the Java Runtime Environment to continue.
# Native memory allocation (malloc) failed to allocate 32744 bytes for ChunkPool::allocate
# Possible reasons:
#   The system is out of physical RAM or swap space
#   The process is running with CompressedOops enabled, and the Java Heap may be blocking the growth of the native heap
# Possible solutions:
#   Reduce memory load on the system
#   Increase physical memory or swap space
#   Check if swap backing store is full
#   Decrease Java heap size (-Xmx/-Xms)
#   Decrease number of Java threads
#   Decrease Java thread stack sizes (-Xss)
#   Set larger code cache with -XX:ReservedCodeCacheSize=
#   JVM is running with Unscaled Compressed Oops mode in which the Java heap is
#     placed in the first 4GB address space. The Java Heap base address is the
#     maximum limit for the native heap growth. Please use -XX:HeapBaseMinAddress
#     to set the Java Heap base and to place the Java Heap above 4GB virtual address.
# This output file may be truncated or incomplete.
#
#  Out of Memory Error (./open/src/hotspot/share/memory/arena.cpp:79), pid=18320, tid=11776
#
# JRE version: OpenJDK Runtime Environment (14.0.2+12) (build 14.0.2+12-46)
# Java VM: OpenJDK 64-Bit Server VM (14.0.2+12-46, mixed mode, sharing, tiered, compressed oops, g1 gc, windows-amd64)
# No core dump will be written. Minidumps are not enabled by default on client versions of Windows
#

---------------  S U M M A R Y ------------

Command Line: -ea -Didea.test.cyclic.buffer.size=1048576 -javaagent:C:\Program Files\JetBrains\IntelliJ IDEA 2020.1.4\lib\idea_rt.jar=57257:C:\Program Files\JetBrains\IntelliJ IDEA 2020.1.4\bin -Dfile.encoding=UTF-8 com.intellij.rt.junit.JUnitStarter -ideVersion5 -junit4 cn.hit.jedis.JedisTest,test3

Host: Intel(R) Core(TM) i7-8700 CPU @ 3.20GHz, 12 cores, 7G,  Windows 10 , 64 bit Build 18362 (10.0.18362.959)
Time: Sun Aug 23 16:02:05 2020 ?D1¨²¡À¨º¡Á?¨º¡À?? elapsed time: 0 seconds (0d 0h 0m 0s)

---------------  T H R E A D  ---------------

Current thread (0x000001827b328000):  JavaThread "C1 CompilerThread0" daemon [_thread_in_vm, id=11776, stack(0x0000001ee8a00000,0x0000001ee8b00000)]

Stack: [0x0000001ee8a00000,0x0000001ee8b00000]
Native frames: (J=compiled Java code, j=interpreted, Vv=VM code, C=native code)
V  [jvm.dll+0x5f8a9a]
V  [jvm.dll+0x74247a]
V  [jvm.dll+0x743c2f]
V  [jvm.dll+0x744273]
V  [jvm.dll+0x20d288]
V  [jvm.dll+0xabea6]
V  [jvm.dll+0xac1fc]
V  [jvm.dll+0x2026dc]
V  [jvm.dll+0x1be97d]
V  [jvm.dll+0x5e7208]
V  [jvm.dll+0x1732ec]
V  [jvm.dll+0x1719c9]
V  [jvm.dll+0x16da95]
V  [jvm.dll+0x1188df]
V  [jvm.dll+0x1f3155]
V  [jvm.dll+0x1f2182]
V  [jvm.dll+0x7070cd]
V  [jvm.dll+0x6ffeda]
V  [jvm.dll+0x5f78f6]
C  [ucrtbase.dll+0x20e82]
C  [KERNEL32.DLL+0x17bd4]
C  [ntdll.dll+0x6ce51]


---------------  P R O C E S S  ---------------

Threads class SMR info:
_java_thread_list=0x000001827b310600, length=9, elements={
0x000001825bf07000, 0x000001827b2f1000, 0x000001827b2f2000, 0x000001827b312800,
0x000001827b315800, 0x000001827b317800, 0x000001827b31a800, 0x000001827b328000,
0x000001827bb59000
}

Java Threads: ( => current thread )
  0x000001825bf07000 JavaThread "main" [_thread_in_vm, id=21040, stack(0x0000001ee7d00000,0x0000001ee7e00000)]
  0x000001827b2f1000 JavaThread "Reference Handler" daemon [_thread_blocked, id=20812, stack(0x0000001ee8400000,0x0000001ee8500000)]
  0x000001827b2f2000 JavaThread "Finalizer" daemon [_thread_blocked, id=3060, stack(0x0000001ee8500000,0x0000001ee8600000)]
  0x000001827b312800 JavaThread "Signal Dispatcher" daemon [_thread_blocked, id=7756, stack(0x0000001ee8600000,0x0000001ee8700000)]
  0x000001827b315800 JavaThread "Attach Listener" daemon [_thread_blocked, id=17800, stack(0x0000001ee8700000,0x0000001ee8800000)]
  0x000001827b317800 JavaThread "Service Thread" daemon [_thread_blocked, id=9960, stack(0x0000001ee8800000,0x0000001ee8900000)]
  0x000001827b31a800 JavaThread "C2 CompilerThread0" daemon [_thread_blocked, id=21060, stack(0x0000001ee8900000,0x0000001ee8a00000)]
=>0x000001827b328000 JavaThread "C1 CompilerThread0" daemon [_thread_in_vm, id=11776, stack(0x0000001ee8a00000,0x0000001ee8b00000)]
  0x000001827bb59000 JavaThread "Sweeper thread" daemon [_thread_blocked, id=3984, stack(0x0000001ee8b00000,0x0000001ee8c00000)]

Other Threads:
  0x000001827b2ef000 VMThread "VM Thread" [stack: 0x0000001ee8300000,0x0000001ee8400000] [id=4820]
  0x000001825bf45000 GCTaskThread "GC Thread#0" [stack: 0x0000001ee7e00000,0x0000001ee7f00000] [id=2140]
  0x000001825bf57000 ConcurrentGCThread "G1 Main Marker" [stack: 0x0000001ee7f00000,0x0000001ee8000000] [id=10040]
  0x000001825bf59800 ConcurrentGCThread "G1 Conc#0" [stack: 0x0000001ee8000000,0x0000001ee8100000] [id=4208]
  0x000001827b165800 ConcurrentGCThread "G1 Refine#0" [stack: 0x0000001ee8100000,0x0000001ee8200000] [id=18784]
  0x000001827b166800 ConcurrentGCThread "G1 Young RemSet Sampling" [stack: 0x0000001ee8200000,0x0000001ee8300000] [id=3416]

Threads with active compile tasks:

VM state:not at safepoint (normal execution)

VM Mutex/Monitor currently owned by a thread:  ([mutex/lock_event])
[0x000001825bf030b0] AdapterHandlerLibrary_lock - owner thread: 0x0000000000000000

Heap address: 0x0000000082800000, size: 2008 MB, Compressed Oops mode: 32-bit
Narrow klass base: 0x0000000800000000, Narrow klass shift: 3
Compressed class space size: 1073741824 Address: 0x0000000800b30000

Heap:
 garbage-first heap   total 129024K, used 0K [0x0000000082800000, 0x0000000100000000)
  region size 1024K, 1 young (1024K), 0 survivors (0K)
 Metaspace       used 179K, capacity 4480K, committed 4480K, reserved 1056768K
  class space    used 18K, capacity 384K, committed 384K, reserved 1048576K
Heap Regions: E=young(eden), S=young(survivor), O=old, HS=humongous(starts), HC=humongous(continues), CS=collection set, F=free, OA=open archive, CA=closed archive, TAMS=top-at-mark-start (previous, next)
|   0|0x0000000082800000, 0x0000000082800000, 0x0000000082900000|  0%| F|  |TAMS 0x0000000082800000, 0x0000000082800000| Untracked 
|   1|0x0000000082900000, 0x0000000082900000, 0x0000000082a00000|  0%| F|  |TAMS 0x0000000082900000, 0x0000000082900000| Untracked 
|   2|0x0000000082a00000, 0x0000000082a00000, 0x0000000082b00000|  0%| F|  |TAMS 0x0000000082a00000, 0x0000000082a00000| Untracked 
|   3|0x0000000082b00000, 0x0000000082b00000, 0x0000000082c00000|  0%| F|  |TAMS 0x0000000082b00000, 0x0000000082b00000| Untracked 
|   4|0x0000000082c00000, 0x0000000082c00000, 0x0000000082d00000|  0%| F|  |TAMS 0x0000000082c00000, 0x0000000082c00000| Untracked 
|   5|0x0000000082d00000, 0x0000000082d00000, 0x0000000082e00000|  0%| F|  |TAMS 0x0000000082d00000, 0x0000000082d00000| Untracked 
|   6|0x0000000082e00000, 0x0000000082e00000, 0x0000000082f00000|  0%| F|  |TAMS 0x0000000082e00000, 0x0000000082e00000| Untracked 
|   7|0x0000000082f00000, 0x0000000082f00000, 0x0000000083000000|  0%| F|  |TAMS 0x0000000082f00000, 0x0000000082f00000| Untracked 
|   8|0x0000000083000000, 0x0000000083000000, 0x0000000083100000|  0%| F|  |TAMS 0x0000000083000000, 0x0000000083000000| Untracked 
|   9|0x0000000083100000, 0x0000000083100000, 0x0000000083200000|  0%| F|  |TAMS 0x0000000083100000, 0x0000000083100000| Untracked 
|  10|0x0000000083200000, 0x0000000083200000, 0x0000000083300000|  0%| F|  |TAMS 0x0000000083200000, 0x0000000083200000| Untracked 
|  11|0x0000000083300000, 0x0000000083300000, 0x0000000083400000|  0%| F|  |TAMS 0x0000000083300000, 0x0000000083300000| Untracked 
|  12|0x0000000083400000, 0x0000000083400000, 0x0000000083500000|  0%| F|  |TAMS 0x0000000083400000, 0x0000000083400000| Untracked 
|  13|0x0000000083500000, 0x0000000083500000, 0x0000000083600000|  0%| F|  |TAMS 0x0000000083500000, 0x0000000083500000| Untracked 
|  14|0x0000000083600000, 0x0000000083600000, 0x0000000083700000|  0%| F|  |TAMS 0x0000000083600000, 0x0000000083600000| Untracked 
|  15|0x0000000083700000, 0x0000000083700000, 0x0000000083800000|  0%| F|  |TAMS 0x0000000083700000, 0x0000000083700000| Untracked 
|  16|0x0000000083800000, 0x0000000083800000, 0x0000000083900000|  0%| F|  |TAMS 0x0000000083800000, 0x0000000083800000| Untracked 
|  17|0x0000000083900000, 0x0000000083900000, 0x0000000083a00000|  0%| F|  |TAMS 0x0000000083900000, 0x0000000083900000| Untracked 
|  18|0x0000000083a00000, 0x0000000083a00000, 0x0000000083b00000|  0%| F|  |TAMS 0x0000000083a00000, 0x0000000083a00000| Untracked 
|  19|0x0000000083b00000, 0x0000000083b00000, 0x0000000083c00000|  0%| F|  |TAMS 0x0000000083b00000, 0x0000000083b00000| Untracked 
|  20|0x0000000083c00000, 0x0000000083c00000, 0x0000000083d00000|  0%| F|  |TAMS 0x0000000083c00000, 0x0000000083c00000| Untracked 
|  21|0x0000000083d00000, 0x0000000083d00000, 0x0000000083e00000|  0%| F|  |TAMS 0x0000000083d00000, 0x0000000083d00000| Untracked 
|  22|0x0000000083e00000, 0x0000000083e00000, 0x0000000083f00000|  0%| F|  |TAMS 0x0000000083e00000, 0x0000000083e00000| Untracked 
|  23|0x0000000083f00000, 0x0000000083f00000, 0x0000000084000000|  0%| F|  |TAMS 0x0000000083f00000, 0x0000000083f00000| Untracked 
|  24|0x0000000084000000, 0x0000000084000000, 0x0000000084100000|  0%| F|  |TAMS 0x0000000084000000, 0x0000000084000000| Untracked 
|  25|0x0000000084100000, 0x0000000084100000, 0x0000000084200000|  0%| F|  |TAMS 0x0000000084100000, 0x0000000084100000| Untracked 
|  26|0x0000000084200000, 0x0000000084200000, 0x0000000084300000|  0%| F|  |TAMS 0x0000000084200000, 0x0000000084200000| Untracked 
|  27|0x0000000084300000, 0x0000000084300000, 0x0000000084400000|  0%| F|  |TAMS 0x0000000084300000, 0x0000000084300000| Untracked 
|  28|0x0000000084400000, 0x0000000084400000, 0x0000000084500000|  0%| F|  |TAMS 0x0000000084400000, 0x0000000084400000| Untracked 
|  29|0x0000000084500000, 0x0000000084500000, 0x0000000084600000|  0%| F|  |TAMS 0x0000000084500000, 0x0000000084500000| Untracked 
|  30|0x0000000084600000, 0x0000000084600000, 0x0000000084700000|  0%| F|  |TAMS 0x0000000084600000, 0x0000000084600000| Untracked 
|  31|0x0000000084700000, 0x0000000084700000, 0x0000000084800000|  0%| F|  |TAMS 0x0000000084700000, 0x0000000084700000| Untracked 
|  32|0x0000000084800000, 0x0000000084800000, 0x0000000084900000|  0%| F|  |TAMS 0x0000000084800000, 0x0000000084800000| Untracked 
|  33|0x0000000084900000, 0x0000000084900000, 0x0000000084a00000|  0%| F|  |TAMS 0x0000000084900000, 0x0000000084900000| Untracked 
|  34|0x0000000084a00000, 0x0000000084a00000, 0x0000000084b00000|  0%| F|  |TAMS 0x0000000084a00000, 0x0000000084a00000| Untracked 
|  35|0x0000000084b00000, 0x0000000084b00000, 0x0000000084c00000|  0%| F|  |TAMS 0x0000000084b00000, 0x0000000084b00000| Untracked 
|  36|0x0000000084c00000, 0x0000000084c00000, 0x0000000084d00000|  0%| F|  |TAMS 0x0000000084c00000, 0x0000000084c00000| Untracked 
|  37|0x0000000084d00000, 0x0000000084d00000, 0x0000000084e00000|  0%| F|  |TAMS 0x0000000084d00000, 0x0000000084d00000| Untracked 
|  38|0x0000000084e00000, 0x0000000084e00000, 0x0000000084f00000|  0%| F|  |TAMS 0x0000000084e00000, 0x0000000084e00000| Untracked 
|  39|0x0000000084f00000, 0x0000000084f00000, 0x0000000085000000|  0%| F|  |TAMS 0x0000000084f00000, 0x0000000084f00000| Untracked 
|  40|0x0000000085000000, 0x0000000085000000, 0x0000000085100000|  0%| F|  |TAMS 0x0000000085000000, 0x0000000085000000| Untracked 
|  41|0x0000000085100000, 0x0000000085100000, 0x0000000085200000|  0%| F|  |TAMS 0x0000000085100000, 0x0000000085100000| Untracked 
|  42|0x0000000085200000, 0x0000000085200000, 0x0000000085300000|  0%| F|  |TAMS 0x0000000085200000, 0x0000000085200000| Untracked 
|  43|0x0000000085300000, 0x0000000085300000, 0x0000000085400000|  0%| F|  |TAMS 0x0000000085300000, 0x0000000085300000| Untracked 
|  44|0x0000000085400000, 0x0000000085400000, 0x0000000085500000|  0%| F|  |TAMS 0x0000000085400000, 0x0000000085400000| Untracked 
|  45|0x0000000085500000, 0x0000000085500000, 0x0000000085600000|  0%| F|  |TAMS 0x0000000085500000, 0x0000000085500000| Untracked 
|  46|0x0000000085600000, 0x0000000085600000, 0x0000000085700000|  0%| F|  |TAMS 0x0000000085600000, 0x0000000085600000| Untracked 
|  47|0x0000000085700000, 0x0000000085700000, 0x0000000085800000|  0%| F|  |TAMS 0x0000000085700000, 0x0000000085700000| Untracked 
|  48|0x0000000085800000, 0x0000000085800000, 0x0000000085900000|  0%| F|  |TAMS 0x0000000085800000, 0x0000000085800000| Untracked 
|  49|0x0000000085900000, 0x0000000085900000, 0x0000000085a00000|  0%| F|  |TAMS 0x0000000085900000, 0x0000000085900000| Untracked 
|  50|0x0000000085a00000, 0x0000000085a00000, 0x0000000085b00000|  0%| F|  |TAMS 0x0000000085a00000, 0x0000000085a00000| Untracked 
|  51|0x0000000085b00000, 0x0000000085b00000, 0x0000000085c00000|  0%| F|  |TAMS 0x0000000085b00000, 0x0000000085b00000| Untracked 
|  52|0x0000000085c00000, 0x0000000085c00000, 0x0000000085d00000|  0%| F|  |TAMS 0x0000000085c00000, 0x0000000085c00000| Untracked 
|  53|0x0000000085d00000, 0x0000000085d00000, 0x0000000085e00000|  0%| F|  |TAMS 0x0000000085d00000, 0x0000000085d00000| Untracked 
|  54|0x0000000085e00000, 0x0000000085e00000, 0x0000000085f00000|  0%| F|  |TAMS 0x0000000085e00000, 0x0000000085e00000| Untracked 
|  55|0x0000000085f00000, 0x0000000085f00000, 0x0000000086000000|  0%| F|  |TAMS 0x0000000085f00000, 0x0000000085f00000| Untracked 
|  56|0x0000000086000000, 0x0000000086000000, 0x0000000086100000|  0%| F|  |TAMS 0x0000000086000000, 0x0000000086000000| Untracked 
|  57|0x0000000086100000, 0x0000000086100000, 0x0000000086200000|  0%| F|  |TAMS 0x0000000086100000, 0x0000000086100000| Untracked 
|  58|0x0000000086200000, 0x0000000086200000, 0x0000000086300000|  0%| F|  |TAMS 0x0000000086200000, 0x0000000086200000| Untracked 
|  59|0x0000000086300000, 0x0000000086300000, 0x0000000086400000|  0%| F|  |TAMS 0x0000000086300000, 0x0000000086300000| Untracked 
|  60|0x0000000086400000, 0x0000000086400000, 0x0000000086500000|  0%| F|  |TAMS 0x0000000086400000, 0x0000000086400000| Untracked 
|  61|0x0000000086500000, 0x0000000086500000, 0x0000000086600000|  0%| F|  |TAMS 0x0000000086500000, 0x0000000086500000| Untracked 
|  62|0x0000000086600000, 0x0000000086600000, 0x0000000086700000|  0%| F|  |TAMS 0x0000000086600000, 0x0000000086600000| Untracked 
|  63|0x0000000086700000, 0x0000000086700000, 0x0000000086800000|  0%| F|  |TAMS 0x0000000086700000, 0x0000000086700000| Untracked 
|  64|0x0000000086800000, 0x0000000086800000, 0x0000000086900000|  0%| F|  |TAMS 0x0000000086800000, 0x0000000086800000| Untracked 
|  65|0x0000000086900000, 0x0000000086900000, 0x0000000086a00000|  0%| F|  |TAMS 0x0000000086900000, 0x0000000086900000| Untracked 
|  66|0x0000000086a00000, 0x0000000086a00000, 0x0000000086b00000|  0%| F|  |TAMS 0x0000000086a00000, 0x0000000086a00000| Untracked 
|  67|0x0000000086b00000, 0x0000000086b00000, 0x0000000086c00000|  0%| F|  |TAMS 0x0000000086b00000, 0x0000000086b00000| Untracked 
|  68|0x0000000086c00000, 0x0000000086c00000, 0x0000000086d00000|  0%| F|  |TAMS 0x0000000086c00000, 0x0000000086c00000| Untracked 
|  69|0x0000000086d00000, 0x0000000086d00000, 0x0000000086e00000|  0%| F|  |TAMS 0x0000000086d00000, 0x0000000086d00000| Untracked 
|  70|0x0000000086e00000, 0x0000000086e00000, 0x0000000086f00000|  0%| F|  |TAMS 0x0000000086e00000, 0x0000000086e00000| Untracked 
|  71|0x0000000086f00000, 0x0000000086f00000, 0x0000000087000000|  0%| F|  |TAMS 0x0000000086f00000, 0x0000000086f00000| Untracked 
|  72|0x0000000087000000, 0x0000000087000000, 0x0000000087100000|  0%| F|  |TAMS 0x0000000087000000, 0x0000000087000000| Untracked 
|  73|0x0000000087100000, 0x0000000087100000, 0x0000000087200000|  0%| F|  |TAMS 0x0000000087100000, 0x0000000087100000| Untracked 
|  74|0x0000000087200000, 0x0000000087200000, 0x0000000087300000|  0%| F|  |TAMS 0x0000000087200000, 0x0000000087200000| Untracked 
|  75|0x0000000087300000, 0x0000000087300000, 0x0000000087400000|  0%| F|  |TAMS 0x0000000087300000, 0x0000000087300000| Untracked 
|  76|0x0000000087400000, 0x0000000087400000, 0x0000000087500000|  0%| F|  |TAMS 0x0000000087400000, 0x0000000087400000| Untracked 
|  77|0x0000000087500000, 0x0000000087500000, 0x0000000087600000|  0%| F|  |TAMS 0x0000000087500000, 0x0000000087500000| Untracked 
|  78|0x0000000087600000, 0x0000000087600000, 0x0000000087700000|  0%| F|  |TAMS 0x0000000087600000, 0x0000000087600000| Untracked 
|  79|0x0000000087700000, 0x0000000087700000, 0x0000000087800000|  0%| F|  |TAMS 0x0000000087700000, 0x0000000087700000| Untracked 
|  80|0x0000000087800000, 0x0000000087800000, 0x0000000087900000|  0%| F|  |TAMS 0x0000000087800000, 0x0000000087800000| Untracked 
|  81|0x0000000087900000, 0x0000000087900000, 0x0000000087a00000|  0%| F|  |TAMS 0x0000000087900000, 0x0000000087900000| Untracked 
|  82|0x0000000087a00000, 0x0000000087a00000, 0x0000000087b00000|  0%| F|  |TAMS 0x0000000087a00000, 0x0000000087a00000| Untracked 
|  83|0x0000000087b00000, 0x0000000087b00000, 0x0000000087c00000|  0%| F|  |TAMS 0x0000000087b00000, 0x0000000087b00000| Untracked 
|  84|0x0000000087c00000, 0x0000000087c00000, 0x0000000087d00000|  0%| F|  |TAMS 0x0000000087c00000, 0x0000000087c00000| Untracked 
|  85|0x0000000087d00000, 0x0000000087d00000, 0x0000000087e00000|  0%| F|  |TAMS 0x0000000087d00000, 0x0000000087d00000| Untracked 
|  86|0x0000000087e00000, 0x0000000087e00000, 0x0000000087f00000|  0%| F|  |TAMS 0x0000000087e00000, 0x0000000087e00000| Untracked 
|  87|0x0000000087f00000, 0x0000000087f00000, 0x0000000088000000|  0%| F|  |TAMS 0x0000000087f00000, 0x0000000087f00000| Untracked 
|  88|0x0000000088000000, 0x0000000088000000, 0x0000000088100000|  0%| F|  |TAMS 0x0000000088000000, 0x0000000088000000| Untracked 
|  89|0x0000000088100000, 0x0000000088100000, 0x0000000088200000|  0%| F|  |TAMS 0x0000000088100000, 0x0000000088100000| Untracked 
|  90|0x0000000088200000, 0x0000000088200000, 0x0000000088300000|  0%| F|  |TAMS 0x0000000088200000, 0x0000000088200000| Untracked 
|  91|0x0000000088300000, 0x0000000088300000, 0x0000000088400000|  0%| F|  |TAMS 0x0000000088300000, 0x0000000088300000| Untracked 
|  92|0x0000000088400000, 0x0000000088400000, 0x0000000088500000|  0%| F|  |TAMS 0x0000000088400000, 0x0000000088400000| Untracked 
|  93|0x0000000088500000, 0x0000000088500000, 0x0000000088600000|  0%| F|  |TAMS 0x0000000088500000, 0x0000000088500000| Untracked 
|  94|0x0000000088600000, 0x0000000088600000, 0x0000000088700000|  0%| F|  |TAMS 0x0000000088600000, 0x0000000088600000| Untracked 
|  95|0x0000000088700000, 0x0000000088700000, 0x0000000088800000|  0%| F|  |TAMS 0x0000000088700000, 0x0000000088700000| Untracked 
|  96|0x0000000088800000, 0x0000000088800000, 0x0000000088900000|  0%| F|  |TAMS 0x0000000088800000, 0x0000000088800000| Untracked 
|  97|0x0000000088900000, 0x0000000088900000, 0x0000000088a00000|  0%| F|  |TAMS 0x0000000088900000, 0x0000000088900000| Untracked 
|  98|0x0000000088a00000, 0x0000000088a00000, 0x0000000088b00000|  0%| F|  |TAMS 0x0000000088a00000, 0x0000000088a00000| Untracked 
|  99|0x0000000088b00000, 0x0000000088b00000, 0x0000000088c00000|  0%| F|  |TAMS 0x0000000088b00000, 0x0000000088b00000| Untracked 
| 100|0x0000000088c00000, 0x0000000088c00000, 0x0000000088d00000|  0%| F|  |TAMS 0x0000000088c00000, 0x0000000088c00000| Untracked 
| 101|0x0000000088d00000, 0x0000000088d00000, 0x0000000088e00000|  0%| F|  |TAMS 0x0000000088d00000, 0x0000000088d00000| Untracked 
| 102|0x0000000088e00000, 0x0000000088e00000, 0x0000000088f00000|  0%| F|  |TAMS 0x0000000088e00000, 0x0000000088e00000| Untracked 
| 103|0x0000000088f00000, 0x0000000088f00000, 0x0000000089000000|  0%| F|  |TAMS 0x0000000088f00000, 0x0000000088f00000| Untracked 
| 104|0x0000000089000000, 0x0000000089000000, 0x0000000089100000|  0%| F|  |TAMS 0x0000000089000000, 0x0000000089000000| Untracked 
| 105|0x0000000089100000, 0x0000000089100000, 0x0000000089200000|  0%| F|  |TAMS 0x0000000089100000, 0x0000000089100000| Untracked 
| 106|0x0000000089200000, 0x0000000089200000, 0x0000000089300000|  0%| F|  |TAMS 0x0000000089200000, 0x0000000089200000| Untracked 
| 107|0x0000000089300000, 0x0000000089300000, 0x0000000089400000|  0%| F|  |TAMS 0x0000000089300000, 0x0000000089300000| Untracked 
| 108|0x0000000089400000, 0x0000000089400000, 0x0000000089500000|  0%| F|  |TAMS 0x0000000089400000, 0x0000000089400000| Untracked 
| 109|0x0000000089500000, 0x0000000089500000, 0x0000000089600000|  0%| F|  |TAMS 0x0000000089500000, 0x0000000089500000| Untracked 
| 110|0x0000000089600000, 0x0000000089600000, 0x0000000089700000|  0%| F|  |TAMS 0x0000000089600000, 0x0000000089600000| Untracked 
| 111|0x0000000089700000, 0x0000000089700000, 0x0000000089800000|  0%| F|  |TAMS 0x0000000089700000, 0x0000000089700000| Untracked 
| 112|0x0000000089800000, 0x0000000089800000, 0x0000000089900000|  0%| F|  |TAMS 0x0000000089800000, 0x0000000089800000| Untracked 
| 113|0x0000000089900000, 0x0000000089900000, 0x0000000089a00000|  0%| F|  |TAMS 0x0000000089900000, 0x0000000089900000| Untracked 
| 114|0x0000000089a00000, 0x0000000089a00000, 0x0000000089b00000|  0%| F|  |TAMS 0x0000000089a00000, 0x0000000089a00000| Untracked 
| 115|0x0000000089b00000, 0x0000000089b00000, 0x0000000089c00000|  0%| F|  |TAMS 0x0000000089b00000, 0x0000000089b00000| Untracked 
| 116|0x0000000089c00000, 0x0000000089c00000, 0x0000000089d00000|  0%| F|  |TAMS 0x0000000089c00000, 0x0000000089c00000| Untracked 
| 117|0x0000000089d00000, 0x0000000089d00000, 0x0000000089e00000|  0%| F|  |TAMS 0x0000000089d00000, 0x0000000089d00000| Untracked 
| 118|0x0000000089e00000, 0x0000000089e00000, 0x0000000089f00000|  0%| F|  |TAMS 0x0000000089e00000, 0x0000000089e00000| Untracked 
| 119|0x0000000089f00000, 0x0000000089f00000, 0x000000008a000000|  0%| F|  |TAMS 0x0000000089f00000, 0x0000000089f00000| Untracked 
| 120|0x000000008a000000, 0x000000008a000000, 0x000000008a100000|  0%| F|  |TAMS 0x000000008a000000, 0x000000008a000000| Untracked 
| 121|0x000000008a100000, 0x000000008a100000, 0x000000008a200000|  0%| F|  |TAMS 0x000000008a100000, 0x000000008a100000| Untracked 
| 122|0x000000008a200000, 0x000000008a200000, 0x000000008a300000|  0%| F|  |TAMS 0x000000008a200000, 0x000000008a200000| Untracked 
| 123|0x000000008a300000, 0x000000008a300000, 0x000000008a400000|  0%| F|  |TAMS 0x000000008a300000, 0x000000008a300000| Untracked 
| 124|0x000000008a400000, 0x000000008a400000, 0x000000008a500000|  0%| F|  |TAMS 0x000000008a400000, 0x000000008a400000| Untracked 
| 125|0x000000008a500000, 0x000000008a5eb8b8, 0x000000008a600000| 92%| E|  |TAMS 0x000000008a500000, 0x000000008a500000| Complete 

Card table byte_map: [0x0000018273ff0000,0x00000182743e0000] _byte_map_base: 0x0000018273bdc000

Marking Bits (Prev, Next): (CMBitMap*) 0x000001825bf46a68, (CMBitMap*) 0x000001825bf46aa8
 Prev Bits: [0x00000182747d0000, 0x0000018276730000)
 Next Bits: [0x0000018276730000, 0x0000018278690000)

Polling page: 0x0000018259e40000

Metaspace:

Usage:
  Non-class:      4.00 MB capacity,   183.70 KB (  4%) used,     3.82 MB ( 96%) free+waste,   192 bytes ( <1%) overhead. 
      Class:    385.00 KB capacity,    21.74 KB (  6%) used,   363.13 KB ( 94%) free+waste,   128 bytes ( <1%) overhead. 
       Both:      4.38 MB capacity,   205.44 KB (  5%) used,     4.18 MB ( 95%) free+waste,   320 bytes ( <1%) overhead. 

Virtual space:
  Non-class space:        8.00 MB reserved,       4.25 MB ( 53%) committed 
      Class space:        1.00 GB reserved,     512.00 KB ( <1%) committed 
             Both:        1.01 GB reserved,       4.75 MB ( <1%) committed 

Chunk freelists:
   Non-Class:  0 bytes
       Class:  0 bytes
        Both:  0 bytes

MaxMetaspaceSize: 17179869184.00 GB
CompressedClassSpaceSize: 1.00 GB

CodeHeap 'non-profiled nmethods': size=120000Kb used=4Kb max_used=4Kb free=119995Kb
 bounds [0x000001826c170000, 0x000001826c3e0000, 0x00000182736a0000]
CodeHeap 'profiled nmethods': size=120000Kb used=0Kb max_used=0Kb free=120000Kb
 bounds [0x0000018264c40000, 0x0000018264eb0000, 0x000001826c170000]
CodeHeap 'non-nmethods': size=5760Kb used=1054Kb max_used=1054Kb free=4705Kb
 bounds [0x00000182646a0000, 0x0000018264910000, 0x0000018264c40000]
 total_blobs=287 nmethods=6 adapters=230
 compilation: enabled
              stopped_count=0, restarted_count=0
 full_count=0

Compilation events (0 events):
No events

GC Heap History (0 events):
No events

Deoptimization events (0 events):
No events

Classes unloaded (0 events):
No events

Classes redefined (0 events):
No events

Internal exceptions (0 events):
No events

Events (20 events):
Event: 0.007 Loaded shared library C:\Users\lenovo\.jdks\openjdk-14.0.2\bin\zip.dll
Event: 0.017 Thread 0x000001825bf07000 Thread added: 0x000001825bf07000
Event: 0.019 Thread 0x000001827b2f1000 Thread added: 0x000001827b2f1000
Event: 0.019 Thread 0x000001827b2f2000 Thread added: 0x000001827b2f2000
Event: 0.024 loading class sun/nio/cs/GBK
Event: 0.025 loading class sun/nio/cs/GBK done
Event: 0.026 loading class sun/nio/cs/DoubleByte
Event: 0.026 loading class sun/nio/cs/DoubleByte done
Event: 0.028 loading class sun/nio/cs/DoubleByte$Decoder
Event: 0.029 loading class sun/nio/cs/DelegatableDecoder
Event: 0.029 loading class sun/nio/cs/DelegatableDecoder done
Event: 0.029 loading class sun/nio/cs/DoubleByte$Decoder done
Event: 0.031 loading class sun/nio/cs/UTF_8$Encoder
Event: 0.031 loading class sun/nio/cs/UTF_8$Encoder done
Event: 0.032 Thread 0x000001827b312800 Thread added: 0x000001827b312800
Event: 0.032 Thread 0x000001827b315800 Thread added: 0x000001827b315800
Event: 0.032 Thread 0x000001827b317800 Thread added: 0x000001827b317800
Event: 0.032 Thread 0x000001827b31a800 Thread added: 0x000001827b31a800
Event: 0.032 Thread 0x000001827b328000 Thread added: 0x000001827b328000
Event: 0.032 Thread 0x000001827bb59000 Thread added: 0x000001827bb59000


Dynamic libraries:
0x00007ff6794d0000 - 0x00007ff6794dd000 	C:\Users\lenovo\.jdks\openjdk-14.0.2\bin\java.exe
0x00007ffbb5a40000 - 0x00007ffbb5c30000 	C:\WINDOWS\SYSTEM32\ntdll.dll
0x00007ffbb4410000 - 0x00007ffbb44c2000 	C:\WINDOWS\System32\KERNEL32.DLL
0x00007ffbb2c20000 - 0x00007ffbb2ec4000 	C:\WINDOWS\System32\KERNELBASE.dll
0x00007ffbb31a0000 - 0x00007ffbb329a000 	C:\WINDOWS\System32\ucrtbase.dll
0x00007ffbafb40000 - 0x00007ffbafb58000 	C:\Users\lenovo\.jdks\openjdk-14.0.2\bin\jli.dll
0x00007ffba6ca0000 - 0x00007ffba6cb5000 	C:\Users\lenovo\.jdks\openjdk-14.0.2\bin\VCRUNTIME140.dll
0x00007ffbb4270000 - 0x00007ffbb4405000 	C:\WINDOWS\System32\USER32.dll
0x00007ffbb2ff0000 - 0x00007ffbb3011000 	C:\WINDOWS\System32\win32u.dll
0x00007ffbb4160000 - 0x00007ffbb4186000 	C:\WINDOWS\System32\GDI32.dll
0x00007ffbb3a30000 - 0x00007ffbb3bc6000 	C:\WINDOWS\System32\gdi32full.dll
0x00007ffb97e10000 - 0x00007ffb98094000 	C:\WINDOWS\WinSxS\amd64_microsoft.windows.common-controls_6595b64144ccf1df_6.0.18362.1016_none_9e7a36bbe461dae4\COMCTL32.dll
0x00007ffbb2f50000 - 0x00007ffbb2fee000 	C:\WINDOWS\System32\msvcp_win.dll
0x00007ffbb3e90000 - 0x00007ffbb3f2e000 	C:\WINDOWS\System32\msvcrt.dll
0x00007ffbb5440000 - 0x00007ffbb5775000 	C:\WINDOWS\System32\combase.dll
0x00007ffbb3ca0000 - 0x00007ffbb3dc0000 	C:\WINDOWS\System32\RPCRT4.dll
0x00007ffbb3120000 - 0x00007ffbb31a0000 	C:\WINDOWS\System32\bcryptPrimitives.dll
0x00007ffbb5780000 - 0x00007ffbb57ae000 	C:\WINDOWS\System32\IMM32.DLL
0x00007ffb92910000 - 0x00007ffb929ab000 	C:\Users\lenovo\.jdks\openjdk-14.0.2\bin\msvcp140.dll
0x00007ffb7c1f0000 - 0x00007ffb7cd0e000 	C:\Users\lenovo\.jdks\openjdk-14.0.2\bin\server\jvm.dll
0x00007ffbb5390000 - 0x00007ffbb5433000 	C:\WINDOWS\System32\ADVAPI32.dll
0x00007ffbb3f30000 - 0x00007ffbb3fc7000 	C:\WINDOWS\System32\sechost.dll
0x00007ffbb4c90000 - 0x00007ffbb4c98000 	C:\WINDOWS\System32\PSAPI.DLL
0x00007ffb9a620000 - 0x00007ffb9a629000 	C:\WINDOWS\SYSTEM32\WSOCK32.dll
0x00007ffbb57e0000 - 0x00007ffbb584f000 	C:\WINDOWS\System32\WS2_32.dll
0x00007ffbade10000 - 0x00007ffbade34000 	C:\WINDOWS\SYSTEM32\WINMM.dll
0x00007ffbad600000 - 0x00007ffbad60a000 	C:\WINDOWS\SYSTEM32\VERSION.dll
0x00007ffbadde0000 - 0x00007ffbade0d000 	C:\WINDOWS\SYSTEM32\winmmbase.dll
0x00007ffbb30d0000 - 0x00007ffbb311a000 	C:\WINDOWS\System32\cfgmgr32.dll
0x00007ffbb2a00000 - 0x00007ffbb2a11000 	C:\WINDOWS\System32\kernel.appcore.dll
0x00007ffbafae0000 - 0x00007ffbafaea000 	C:\Users\lenovo\.jdks\openjdk-14.0.2\bin\jimage.dll
0x00007ffb99660000 - 0x00007ffb99854000 	C:\WINDOWS\SYSTEM32\DBGHELP.DLL
0x00007ffb99ae0000 - 0x00007ffb99b0a000 	C:\WINDOWS\SYSTEM32\dbgcore.DLL
0x00007ffbad900000 - 0x00007ffbad90e000 	C:\Users\lenovo\.jdks\openjdk-14.0.2\bin\instrument.dll
0x00007ffba6c10000 - 0x00007ffba6c35000 	C:\Users\lenovo\.jdks\openjdk-14.0.2\bin\java.dll
0x00007ffba6bf0000 - 0x00007ffba6c06000 	C:\Users\lenovo\.jdks\openjdk-14.0.2\bin\zip.dll
0x00007ffbb4ca0000 - 0x00007ffbb5387000 	C:\WINDOWS\System32\SHELL32.dll
0x00007ffbb44d0000 - 0x00007ffbb4579000 	C:\WINDOWS\System32\shcore.dll
0x00007ffbb32a0000 - 0x00007ffbb3a22000 	C:\WINDOWS\System32\windows.storage.dll
0x00007ffbb2a20000 - 0x00007ffbb2a43000 	C:\WINDOWS\System32\profapi.dll
0x00007ffbb2a50000 - 0x00007ffbb2a9a000 	C:\WINDOWS\System32\powrprof.dll
0x00007ffbb29d0000 - 0x00007ffbb29e0000 	C:\WINDOWS\System32\UMPDC.dll
0x00007ffbb3fd0000 - 0x00007ffbb4022000 	C:\WINDOWS\System32\shlwapi.dll
0x00007ffbb2f30000 - 0x00007ffbb2f47000 	C:\WINDOWS\System32\cryptsp.dll

dbghelp: loaded successfully - version: 4.0.5 - missing functions: none
symbol engine: initialized successfully - sym options: 0x614 - pdb path: .;C:\Users\lenovo\.jdks\openjdk-14.0.2\bin;C:\WINDOWS\SYSTEM32;C:\WINDOWS\WinSxS\amd64_microsoft.windows.common-controls_6595b64144ccf1df_6.0.18362.1016_none_9e7a36bbe461dae4;C:\Users\lenovo\.jdks\openjdk-14.0.2\bin\server

VM Arguments:
jvm_args: -ea -Didea.test.cyclic.buffer.size=1048576 -javaagent:C:\Program Files\JetBrains\IntelliJ IDEA 2020.1.4\lib\idea_rt.jar=57257:C:\Program Files\JetBrains\IntelliJ IDEA 2020.1.4\bin -Dfile.encoding=UTF-8 
java_command: com.intellij.rt.junit.JUnitStarter -ideVersion5 -junit4 cn.hit.jedis.JedisTest,test3
java_class_path (initial): C:\Program Files\JetBrains\IntelliJ IDEA 2020.1.4\lib\idea_rt.jar;C:\Program Files\JetBrains\IntelliJ IDEA 2020.1.4\plugins\junit\lib\junit5-rt.jar;C:\Program Files\JetBrains\IntelliJ IDEA 2020.1.4\plugins\junit\lib\junit-rt.jar;C:\Users\lenovo\IdeaProjects\Java_learn\out\production\tomcat;D:\Program Files\apache-tomcat-8.5.57\lib\jsp-api.jar;D:\Program Files\apache-tomcat-8.5.57\lib\servlet-api.jar;C:\Users\lenovo\IdeaProjects\Java_learn\tomcat\web\WEB-INF\lib\jstl.jar;C:\Users\lenovo\IdeaProjects\Java_learn\tomcat\web\WEB-INF\lib\standard.jar;C:\Users\lenovo\IdeaProjects\Java_learn\tomcat\web\WEB-INF\lib\jackson-annotations-2.2.3.jar;C:\Users\lenovo\IdeaProjects\Java_learn\tomcat\web\WEB-INF\lib\jackson-core-2.2.3.jar;C:\Users\lenovo\IdeaProjects\Java_learn\tomcat\web\WEB-INF\lib\jackson-databind-2.2.3.jar;C:\Users\lenovo\.m2\repository\junit\junit\4.12\junit-4.12.jar;C:\Users\lenovo\.m2\repository\org\hamcrest\hamcrest-core\1.3\hamcrest-core-1.3.jar;C:\Users\lenovo\IdeaProjects\Java_learn\tomcat\web\WEB-INF\lib\commons-pool2-2.3.jar;C:\Users\lenovo\IdeaProjects\Java_learn\tomcat\web\WEB-INF\lib\jedis-2.9.0.jar
Launcher Type: SUN_STANDARD

[Global flags]
     intx CICompilerCount                          = 4                                         {product} {ergonomic}
     uint ConcGCThreads                            = 3                                         {product} {ergonomic}
     uint G1ConcRefinementThreads                  = 10                                        {product} {ergonomic}
   size_t G1HeapRegionSize                         = 1048576                                   {product} {ergonomic}
    uintx GCDrainStackTargetSize                   = 64                                        {product} {ergonomic}
   size_t InitialHeapSize                          = 132120576                                 {product} {ergonomic}
   size_t MarkStackSize                            = 4194304                                   {product} {ergonomic}
   size_t MaxHeapSize                              = 2105540608                                {product} {ergonomic}
   size_t MaxNewSize                               = 1262485504                                {product} {ergonomic}
   size_t MinHeapDeltaBytes                        = 1048576                                   {product} {ergonomic}
   size_t MinHeapSize                              = 8388608                                   {product} {ergonomic}
    uintx NonNMethodCodeHeapSize                   = 5839372                                {pd product} {ergonomic}
    uintx NonProfiledCodeHeapSize                  = 122909434                              {pd product} {ergonomic}
    uintx ProfiledCodeHeapSize                     = 122909434                              {pd product} {ergonomic}
    uintx ReservedCodeCacheSize                    = 251658240                              {pd product} {ergonomic}
     bool SegmentedCodeCache                       = true                                      {product} {ergonomic}
   size_t SoftMaxHeapSize                          = 2105540608                             {manageable} {ergonomic}
     bool UseCompressedClassPointers               = true                                 {lp64_product} {ergonomic}
     bool UseCompressedOops                        = true                                 {lp64_product} {ergonomic}
     bool UseG1GC                                  = true                                      {product} {ergonomic}
     bool UseLargePagesIndividualAllocation        = false                                  {pd product} {ergonomic}

Logging:
Log output configuration:
 #0: stdout all=warning uptime,level,tags
 #1: stderr all=off uptime,level,tags

Environment Variables:
JAVA_HOME=C:\Program Files\JetBrains\IntelliJ IDEA 2020.1.4\jbr
PATH=C:\Program Files (x86)\Common Files\Oracle\Java\javapath;C:\Windows\system32;C:\Windows;C:\Windows\System32\Wbem;C:\Windows\System32\WindowsPowerShell\v1.0\;C:\Program Files (x86)\NVIDIA Corporation\PhysX\Common;C:\WINDOWS\system32;C:\WINDOWS;C:\WINDOWS\System32\Wbem;C:\WINDOWS\System32\WindowsPowerShell\v1.0\;C:\WINDOWS\System32\OpenSSH\;C:\Program Files (x86)\dotnet\;C:\texlive\2020\bin\win32;C:\Users\lenovo;C:\Users\lenovo\vscode\python;C:\Users\lenovo\Anaconda3\envs\py36\Scripts;C:\Users\lenovo\Anaconda3;C:\Users\lenovo\Anaconda3\Scripts;C:\Users\lenovo\Anaconda3\Library\bin;C:\Program Files\NVIDIA Corporation\Nsight Compute 2020.1.1\;C:\Program Files\JetBrains\IntelliJ IDEA 2020.1.4\jbr\bin;C:\Program Files\nodejs\;D:\Program Files\mysql-5.7.31-winx64\bin;C:\ProgramData\chocolatey\bin;C:\Users\lenovo\scoop\shims;C:\Users\lenovo\AppData\Local\Microsoft\WindowsApps;C:\Program Files\JetBrains\PyCharm Edu 2019.3\bin;C:\Program Files\JetBrains\PyCharm 2019.3\bin;C:\Users\lenovo\OneDrive\OneDrive - North Canterbury Academy of Music\chuan\code;C:\Users\lenovo\AppData\Local\Programs\Fiddler;C:\Users\lenovo\AppData\Local\Programs\Microsoft VS Code\bin;C:\Program Files\JetBrains\PyCharm 2020.1.4\bin;C:\Program Files\JetBrains\IntelliJ IDEA 2020.1.4\bin;C:\Users\lenovo\AppData\Roaming\npm;C:\Users\lenovo\apps\gsudo;C:\Users\lenovo\AppData\Local\GitHubDesktop\bin
USERNAME=lenovo
OS=Windows_NT
PROCESSOR_IDENTIFIER=Intel64 Family 6 Model 158 Stepping 10, GenuineIntel



---------------  S Y S T E M  ---------------

OS: Windows 10 , 64 bit Build 18362 (10.0.18362.959)
OS uptime: 3 days 1:37 hours

CPU:total 12 (initial active 12) (6 cores per cpu, 2 threads per core) family 6 model 158 stepping 10, cmov, cx8, fxsr, mmx, sse, sse2, sse3, ssse3, sse4.1, sse4.2, popcnt, avx, avx2, aes, clmul, erms, rtm, 3dnowpref, lzcnt, ht, tsc, tscinvbit, bmi1, bmi2, adx, fma

Memory: 4k page, system-wide physical 8027M (1304M free)
TotalPageFile size 23171M (AvailPageFile size 2M)
current process WorkingSet (physical memory assigned to process): 25M, peak: 25M
current process commit charge ("private bytes"): 215M, peak: 215M

vm_info: OpenJDK 64-Bit Server VM (14.0.2+12-46) for windows-amd64 JRE (14.0.2+12-46), built on Jul  9 2020 00:31:16 by "mach5one" with MS VC++ 15.9 (VS2017)

END.
