#
# There is insufficient memory for the Java Runtime Environment to continue.
# Native memory allocation (malloc) failed to allocate 32744 bytes for ChunkPool::allocate
# Possible reasons:
#   The system is out of physical RAM or swap space
#   The process is running with CompressedOops enabled, and the Java Heap may be blocking the growth of the native heap
# Possible solutions:
#   Reduce memory load on the system
#   Increase physical memory or swap space
#   Check if swap backing store is full
#   Decrease Java heap size (-Xmx/-Xms)
#   Decrease number of Java threads
#   Decrease Java thread stack sizes (-Xss)
#   Set larger code cache with -XX:ReservedCodeCacheSize=
#   JVM is running with Unscaled Compressed Oops mode in which the Java heap is
#     placed in the first 4GB address space. The Java Heap base address is the
#     maximum limit for the native heap growth. Please use -XX:HeapBaseMinAddress
#     to set the Java Heap base and to place the Java Heap above 4GB virtual address.
# This output file may be truncated or incomplete.
#
#  Out of Memory Error (./open/src/hotspot/share/memory/arena.cpp:79), pid=20892, tid=18912
#
# JRE version: OpenJDK Runtime Environment (14.0.2+12) (build 14.0.2+12-46)
# Java VM: OpenJDK 64-Bit Server VM (14.0.2+12-46, mixed mode, sharing, tiered, compressed oops, g1 gc, windows-amd64)
# No core dump will be written. Minidumps are not enabled by default on client versions of Windows
#

---------------  S U M M A R Y ------------

Command Line: -ea -Didea.test.cyclic.buffer.size=1048576 -javaagent:C:\Program Files\JetBrains\IntelliJ IDEA 2020.1.4\lib\idea_rt.jar=57216:C:\Program Files\JetBrains\IntelliJ IDEA 2020.1.4\bin -Dfile.encoding=UTF-8 com.intellij.rt.junit.JUnitStarter -ideVersion5 -junit4 cn.hit.jedis.JedisTest,test3

Host: Intel(R) Core(TM) i7-8700 CPU @ 3.20GHz, 12 cores, 7G,  Windows 10 , 64 bit Build 18362 (10.0.18362.959)
Time: Sun Aug 23 16:00:30 2020 ?D1¨²¡À¨º¡Á?¨º¡À?? elapsed time: 0 seconds (0d 0h 0m 0s)

---------------  T H R E A D  ---------------

Current thread (0x000001b9a1f5d000):  JavaThread "C1 CompilerThread0" daemon [_thread_in_native, id=18912, stack(0x0000000bf2200000,0x0000000bf2300000)]


Current CompileTask:
C1:    147  340       3       jdk.internal.org.objectweb.asm.Frame::execute (2305 bytes)

Stack: [0x0000000bf2200000,0x0000000bf2300000]
Native frames: (J=compiled Java code, j=interpreted, Vv=VM code, C=native code)
V  [jvm.dll+0x5f8a9a]
V  [jvm.dll+0x74247a]
V  [jvm.dll+0x743c2f]
V  [jvm.dll+0x744273]
V  [jvm.dll+0x20d288]
V  [jvm.dll+0xabea6]
V  [jvm.dll+0xac1fc]
V  [jvm.dll+0x119b25]
V  [jvm.dll+0x146e86]
V  [jvm.dll+0x14342e]
V  [jvm.dll+0x12fad0]
V  [jvm.dll+0x117ac9]
V  [jvm.dll+0x1173cf]
V  [jvm.dll+0x1175ff]
V  [jvm.dll+0x116884]
V  [jvm.dll+0x1187d7]
V  [jvm.dll+0x1f4105]
V  [jvm.dll+0x1f22eb]
V  [jvm.dll+0x7070cd]
V  [jvm.dll+0x6ffeda]
V  [jvm.dll+0x5f78f6]
C  [ucrtbase.dll+0x20e82]
C  [KERNEL32.DLL+0x17bd4]
C  [ntdll.dll+0x6ce51]


---------------  P R O C E S S  ---------------

Threads class SMR info:
_java_thread_list=0x000001b9a292ef40, length=12, elements={
0x000001b982b53000, 0x000001b9a1f30000, 0x000001b9a1f31800, 0x000001b9a1f51800,
0x000001b9a1f54800, 0x000001b9a1f57000, 0x000001b9a1f58800, 0x000001b9a1f5d000,
0x000001b9a1f64800, 0x000001b9a2888000, 0x000001b9a28d7800, 0x000001b9a294e800
}

Java Threads: ( => current thread )
  0x000001b982b53000 JavaThread "main" [_thread_in_vm_trans, id=3480, stack(0x0000000bf1500000,0x0000000bf1600000)]
  0x000001b9a1f30000 JavaThread "Reference Handler" daemon [_thread_blocked, id=3852, stack(0x0000000bf1c00000,0x0000000bf1d00000)]
  0x000001b9a1f31800 JavaThread "Finalizer" daemon [_thread_blocked, id=6952, stack(0x0000000bf1d00000,0x0000000bf1e00000)]
  0x000001b9a1f51800 JavaThread "Signal Dispatcher" daemon [_thread_blocked, id=7052, stack(0x0000000bf1e00000,0x0000000bf1f00000)]
  0x000001b9a1f54800 JavaThread "Attach Listener" daemon [_thread_blocked, id=19264, stack(0x0000000bf1f00000,0x0000000bf2000000)]
  0x000001b9a1f57000 JavaThread "Service Thread" daemon [_thread_blocked, id=18028, stack(0x0000000bf2000000,0x0000000bf2100000)]
  0x000001b9a1f58800 JavaThread "C2 CompilerThread0" daemon [_thread_in_native, id=2752, stack(0x0000000bf2100000,0x0000000bf2200000)]
=>0x000001b9a1f5d000 JavaThread "C1 CompilerThread0" daemon [_thread_in_native, id=18912, stack(0x0000000bf2200000,0x0000000bf2300000)]
  0x000001b9a1f64800 JavaThread "Sweeper thread" daemon [_thread_blocked, id=8460, stack(0x0000000bf2300000,0x0000000bf2400000)]
  0x000001b9a2888000 JavaThread "Common-Cleaner" daemon [_thread_blocked, id=21220, stack(0x0000000bf2400000,0x0000000bf2500000)]
  0x000001b9a28d7800 JavaThread "C2 CompilerThread1" daemon [_thread_in_native, id=8664, stack(0x0000000bf2500000,0x0000000bf2600000)]
  0x000001b9a294e800 JavaThread "Notification Thread" daemon [_thread_blocked, id=12364, stack(0x0000000bf2600000,0x0000000bf2700000)]

Other Threads:
  0x000001b9a1f2d800 VMThread "VM Thread" [stack: 0x0000000bf1b00000,0x0000000bf1c00000] [id=15044]
  0x000001b9a292d800 WatcherThread [stack: 0x0000000bf2700000,0x0000000bf2800000] [id=7520]
  0x000001b982b96000 GCTaskThread "GC Thread#0" [stack: 0x0000000bf1600000,0x0000000bf1700000] [id=16700]
  0x000001b982ba9000 ConcurrentGCThread "G1 Main Marker" [stack: 0x0000000bf1700000,0x0000000bf1800000] [id=16608]
  0x000001b982baa800 ConcurrentGCThread "G1 Conc#0" [stack: 0x0000000bf1800000,0x0000000bf1900000] [id=5084]
  0x000001b9a1da1800 ConcurrentGCThread "G1 Refine#0" [stack: 0x0000000bf1900000,0x0000000bf1a00000] [id=7736]
  0x000001b9a1da2000 ConcurrentGCThread "G1 Young RemSet Sampling" [stack: 0x0000000bf1a00000,0x0000000bf1b00000] [id=16564]

Threads with active compile tasks:
C2 CompilerThread0      176  371       4       java.util.HashMap::putVal (300 bytes)
C1 CompilerThread0      177  340       3       jdk.internal.org.objectweb.asm.Frame::execute (2305 bytes)
C2 CompilerThread1      177  356       4       java.lang.StringCoding::hasNegatives (25 bytes)

VM state:not at safepoint (normal execution)

VM Mutex/Monitor currently owned by a thread: None

OutOfMemory and StackOverflow Exception counts:
OutOfMemoryError java_heap_errors=1
LinkageErrors=3

Heap address: 0x0000000082800000, size: 2008 MB, Compressed Oops mode: 32-bit
Narrow klass base: 0x0000000800000000, Narrow klass shift: 3
Compressed class space size: 1073741824 Address: 0x0000000800b30000

Heap:
 garbage-first heap   total 129024K, used 4096K [0x0000000082800000, 0x0000000100000000)
  region size 1024K, 5 young (5120K), 0 survivors (0K)
 Metaspace       used 1853K, capacity 5139K, committed 5376K, reserved 1056768K
  class space    used 213K, capacity 499K, committed 512K, reserved 1048576K
Heap Regions: E=young(eden), S=young(survivor), O=old, HS=humongous(starts), HC=humongous(continues), CS=collection set, F=free, OA=open archive, CA=closed archive, TAMS=top-at-mark-start (previous, next)
|   0|0x0000000082800000, 0x0000000082800000, 0x0000000082900000|  0%| F|  |TAMS 0x0000000082800000, 0x0000000082800000| Untracked 
|   1|0x0000000082900000, 0x0000000082900000, 0x0000000082a00000|  0%| F|  |TAMS 0x0000000082900000, 0x0000000082900000| Untracked 
|   2|0x0000000082a00000, 0x0000000082a00000, 0x0000000082b00000|  0%| F|  |TAMS 0x0000000082a00000, 0x0000000082a00000| Untracked 
|   3|0x0000000082b00000, 0x0000000082b00000, 0x0000000082c00000|  0%| F|  |TAMS 0x0000000082b00000, 0x0000000082b00000| Untracked 
|   4|0x0000000082c00000, 0x0000000082c00000, 0x0000000082d00000|  0%| F|  |TAMS 0x0000000082c00000, 0x0000000082c00000| Untracked 
|   5|0x0000000082d00000, 0x0000000082d00000, 0x0000000082e00000|  0%| F|  |TAMS 0x0000000082d00000, 0x0000000082d00000| Untracked 
|   6|0x0000000082e00000, 0x0000000082e00000, 0x0000000082f00000|  0%| F|  |TAMS 0x0000000082e00000, 0x0000000082e00000| Untracked 
|   7|0x0000000082f00000, 0x0000000082f00000, 0x0000000083000000|  0%| F|  |TAMS 0x0000000082f00000, 0x0000000082f00000| Untracked 
|   8|0x0000000083000000, 0x0000000083000000, 0x0000000083100000|  0%| F|  |TAMS 0x0000000083000000, 0x0000000083000000| Untracked 
|   9|0x0000000083100000, 0x0000000083100000, 0x0000000083200000|  0%| F|  |TAMS 0x0000000083100000, 0x0000000083100000| Untracked 
|  10|0x0000000083200000, 0x0000000083200000, 0x0000000083300000|  0%| F|  |TAMS 0x0000000083200000, 0x0000000083200000| Untracked 
|  11|0x0000000083300000, 0x0000000083300000, 0x0000000083400000|  0%| F|  |TAMS 0x0000000083300000, 0x0000000083300000| Untracked 
|  12|0x0000000083400000, 0x0000000083400000, 0x0000000083500000|  0%| F|  |TAMS 0x0000000083400000, 0x0000000083400000| Untracked 
|  13|0x0000000083500000, 0x0000000083500000, 0x0000000083600000|  0%| F|  |TAMS 0x0000000083500000, 0x0000000083500000| Untracked 
|  14|0x0000000083600000, 0x0000000083600000, 0x0000000083700000|  0%| F|  |TAMS 0x0000000083600000, 0x0000000083600000| Untracked 
|  15|0x0000000083700000, 0x0000000083700000, 0x0000000083800000|  0%| F|  |TAMS 0x0000000083700000, 0x0000000083700000| Untracked 
|  16|0x0000000083800000, 0x0000000083800000, 0x0000000083900000|  0%| F|  |TAMS 0x0000000083800000, 0x0000000083800000| Untracked 
|  17|0x0000000083900000, 0x0000000083900000, 0x0000000083a00000|  0%| F|  |TAMS 0x0000000083900000, 0x0000000083900000| Untracked 
|  18|0x0000000083a00000, 0x0000000083a00000, 0x0000000083b00000|  0%| F|  |TAMS 0x0000000083a00000, 0x0000000083a00000| Untracked 
|  19|0x0000000083b00000, 0x0000000083b00000, 0x0000000083c00000|  0%| F|  |TAMS 0x0000000083b00000, 0x0000000083b00000| Untracked 
|  20|0x0000000083c00000, 0x0000000083c00000, 0x0000000083d00000|  0%| F|  |TAMS 0x0000000083c00000, 0x0000000083c00000| Untracked 
|  21|0x0000000083d00000, 0x0000000083d00000, 0x0000000083e00000|  0%| F|  |TAMS 0x0000000083d00000, 0x0000000083d00000| Untracked 
|  22|0x0000000083e00000, 0x0000000083e00000, 0x0000000083f00000|  0%| F|  |TAMS 0x0000000083e00000, 0x0000000083e00000| Untracked 
|  23|0x0000000083f00000, 0x0000000083f00000, 0x0000000084000000|  0%| F|  |TAMS 0x0000000083f00000, 0x0000000083f00000| Untracked 
|  24|0x0000000084000000, 0x0000000084000000, 0x0000000084100000|  0%| F|  |TAMS 0x0000000084000000, 0x0000000084000000| Untracked 
|  25|0x0000000084100000, 0x0000000084100000, 0x0000000084200000|  0%| F|  |TAMS 0x0000000084100000, 0x0000000084100000| Untracked 
|  26|0x0000000084200000, 0x0000000084200000, 0x0000000084300000|  0%| F|  |TAMS 0x0000000084200000, 0x0000000084200000| Untracked 
|  27|0x0000000084300000, 0x0000000084300000, 0x0000000084400000|  0%| F|  |TAMS 0x0000000084300000, 0x0000000084300000| Untracked 
|  28|0x0000000084400000, 0x0000000084400000, 0x0000000084500000|  0%| F|  |TAMS 0x0000000084400000, 0x0000000084400000| Untracked 
|  29|0x0000000084500000, 0x0000000084500000, 0x0000000084600000|  0%| F|  |TAMS 0x0000000084500000, 0x0000000084500000| Untracked 
|  30|0x0000000084600000, 0x0000000084600000, 0x0000000084700000|  0%| F|  |TAMS 0x0000000084600000, 0x0000000084600000| Untracked 
|  31|0x0000000084700000, 0x0000000084700000, 0x0000000084800000|  0%| F|  |TAMS 0x0000000084700000, 0x0000000084700000| Untracked 
|  32|0x0000000084800000, 0x0000000084800000, 0x0000000084900000|  0%| F|  |TAMS 0x0000000084800000, 0x0000000084800000| Untracked 
|  33|0x0000000084900000, 0x0000000084900000, 0x0000000084a00000|  0%| F|  |TAMS 0x0000000084900000, 0x0000000084900000| Untracked 
|  34|0x0000000084a00000, 0x0000000084a00000, 0x0000000084b00000|  0%| F|  |TAMS 0x0000000084a00000, 0x0000000084a00000| Untracked 
|  35|0x0000000084b00000, 0x0000000084b00000, 0x0000000084c00000|  0%| F|  |TAMS 0x0000000084b00000, 0x0000000084b00000| Untracked 
|  36|0x0000000084c00000, 0x0000000084c00000, 0x0000000084d00000|  0%| F|  |TAMS 0x0000000084c00000, 0x0000000084c00000| Untracked 
|  37|0x0000000084d00000, 0x0000000084d00000, 0x0000000084e00000|  0%| F|  |TAMS 0x0000000084d00000, 0x0000000084d00000| Untracked 
|  38|0x0000000084e00000, 0x0000000084e00000, 0x0000000084f00000|  0%| F|  |TAMS 0x0000000084e00000, 0x0000000084e00000| Untracked 
|  39|0x0000000084f00000, 0x0000000084f00000, 0x0000000085000000|  0%| F|  |TAMS 0x0000000084f00000, 0x0000000084f00000| Untracked 
|  40|0x0000000085000000, 0x0000000085000000, 0x0000000085100000|  0%| F|  |TAMS 0x0000000085000000, 0x0000000085000000| Untracked 
|  41|0x0000000085100000, 0x0000000085100000, 0x0000000085200000|  0%| F|  |TAMS 0x0000000085100000, 0x0000000085100000| Untracked 
|  42|0x0000000085200000, 0x0000000085200000, 0x0000000085300000|  0%| F|  |TAMS 0x0000000085200000, 0x0000000085200000| Untracked 
|  43|0x0000000085300000, 0x0000000085300000, 0x0000000085400000|  0%| F|  |TAMS 0x0000000085300000, 0x0000000085300000| Untracked 
|  44|0x0000000085400000, 0x0000000085400000, 0x0000000085500000|  0%| F|  |TAMS 0x0000000085400000, 0x0000000085400000| Untracked 
|  45|0x0000000085500000, 0x0000000085500000, 0x0000000085600000|  0%| F|  |TAMS 0x0000000085500000, 0x0000000085500000| Untracked 
|  46|0x0000000085600000, 0x0000000085600000, 0x0000000085700000|  0%| F|  |TAMS 0x0000000085600000, 0x0000000085600000| Untracked 
|  47|0x0000000085700000, 0x0000000085700000, 0x0000000085800000|  0%| F|  |TAMS 0x0000000085700000, 0x0000000085700000| Untracked 
|  48|0x0000000085800000, 0x0000000085800000, 0x0000000085900000|  0%| F|  |TAMS 0x0000000085800000, 0x0000000085800000| Untracked 
|  49|0x0000000085900000, 0x0000000085900000, 0x0000000085a00000|  0%| F|  |TAMS 0x0000000085900000, 0x0000000085900000| Untracked 
|  50|0x0000000085a00000, 0x0000000085a00000, 0x0000000085b00000|  0%| F|  |TAMS 0x0000000085a00000, 0x0000000085a00000| Untracked 
|  51|0x0000000085b00000, 0x0000000085b00000, 0x0000000085c00000|  0%| F|  |TAMS 0x0000000085b00000, 0x0000000085b00000| Untracked 
|  52|0x0000000085c00000, 0x0000000085c00000, 0x0000000085d00000|  0%| F|  |TAMS 0x0000000085c00000, 0x0000000085c00000| Untracked 
|  53|0x0000000085d00000, 0x0000000085d00000, 0x0000000085e00000|  0%| F|  |TAMS 0x0000000085d00000, 0x0000000085d00000| Untracked 
|  54|0x0000000085e00000, 0x0000000085e00000, 0x0000000085f00000|  0%| F|  |TAMS 0x0000000085e00000, 0x0000000085e00000| Untracked 
|  55|0x0000000085f00000, 0x0000000085f00000, 0x0000000086000000|  0%| F|  |TAMS 0x0000000085f00000, 0x0000000085f00000| Untracked 
|  56|0x0000000086000000, 0x0000000086000000, 0x0000000086100000|  0%| F|  |TAMS 0x0000000086000000, 0x0000000086000000| Untracked 
|  57|0x0000000086100000, 0x0000000086100000, 0x0000000086200000|  0%| F|  |TAMS 0x0000000086100000, 0x0000000086100000| Untracked 
|  58|0x0000000086200000, 0x0000000086200000, 0x0000000086300000|  0%| F|  |TAMS 0x0000000086200000, 0x0000000086200000| Untracked 
|  59|0x0000000086300000, 0x0000000086300000, 0x0000000086400000|  0%| F|  |TAMS 0x0000000086300000, 0x0000000086300000| Untracked 
|  60|0x0000000086400000, 0x0000000086400000, 0x0000000086500000|  0%| F|  |TAMS 0x0000000086400000, 0x0000000086400000| Untracked 
|  61|0x0000000086500000, 0x0000000086500000, 0x0000000086600000|  0%| F|  |TAMS 0x0000000086500000, 0x0000000086500000| Untracked 
|  62|0x0000000086600000, 0x0000000086600000, 0x0000000086700000|  0%| F|  |TAMS 0x0000000086600000, 0x0000000086600000| Untracked 
|  63|0x0000000086700000, 0x0000000086700000, 0x0000000086800000|  0%| F|  |TAMS 0x0000000086700000, 0x0000000086700000| Untracked 
|  64|0x0000000086800000, 0x0000000086800000, 0x0000000086900000|  0%| F|  |TAMS 0x0000000086800000, 0x0000000086800000| Untracked 
|  65|0x0000000086900000, 0x0000000086900000, 0x0000000086a00000|  0%| F|  |TAMS 0x0000000086900000, 0x0000000086900000| Untracked 
|  66|0x0000000086a00000, 0x0000000086a00000, 0x0000000086b00000|  0%| F|  |TAMS 0x0000000086a00000, 0x0000000086a00000| Untracked 
|  67|0x0000000086b00000, 0x0000000086b00000, 0x0000000086c00000|  0%| F|  |TAMS 0x0000000086b00000, 0x0000000086b00000| Untracked 
|  68|0x0000000086c00000, 0x0000000086c00000, 0x0000000086d00000|  0%| F|  |TAMS 0x0000000086c00000, 0x0000000086c00000| Untracked 
|  69|0x0000000086d00000, 0x0000000086d00000, 0x0000000086e00000|  0%| F|  |TAMS 0x0000000086d00000, 0x0000000086d00000| Untracked 
|  70|0x0000000086e00000, 0x0000000086e00000, 0x0000000086f00000|  0%| F|  |TAMS 0x0000000086e00000, 0x0000000086e00000| Untracked 
|  71|0x0000000086f00000, 0x0000000086f00000, 0x0000000087000000|  0%| F|  |TAMS 0x0000000086f00000, 0x0000000086f00000| Untracked 
|  72|0x0000000087000000, 0x0000000087000000, 0x0000000087100000|  0%| F|  |TAMS 0x0000000087000000, 0x0000000087000000| Untracked 
|  73|0x0000000087100000, 0x0000000087100000, 0x0000000087200000|  0%| F|  |TAMS 0x0000000087100000, 0x0000000087100000| Untracked 
|  74|0x0000000087200000, 0x0000000087200000, 0x0000000087300000|  0%| F|  |TAMS 0x0000000087200000, 0x0000000087200000| Untracked 
|  75|0x0000000087300000, 0x0000000087300000, 0x0000000087400000|  0%| F|  |TAMS 0x0000000087300000, 0x0000000087300000| Untracked 
|  76|0x0000000087400000, 0x0000000087400000, 0x0000000087500000|  0%| F|  |TAMS 0x0000000087400000, 0x0000000087400000| Untracked 
|  77|0x0000000087500000, 0x0000000087500000, 0x0000000087600000|  0%| F|  |TAMS 0x0000000087500000, 0x0000000087500000| Untracked 
|  78|0x0000000087600000, 0x0000000087600000, 0x0000000087700000|  0%| F|  |TAMS 0x0000000087600000, 0x0000000087600000| Untracked 
|  79|0x0000000087700000, 0x0000000087700000, 0x0000000087800000|  0%| F|  |TAMS 0x0000000087700000, 0x0000000087700000| Untracked 
|  80|0x0000000087800000, 0x0000000087800000, 0x0000000087900000|  0%| F|  |TAMS 0x0000000087800000, 0x0000000087800000| Untracked 
|  81|0x0000000087900000, 0x0000000087900000, 0x0000000087a00000|  0%| F|  |TAMS 0x0000000087900000, 0x0000000087900000| Untracked 
|  82|0x0000000087a00000, 0x0000000087a00000, 0x0000000087b00000|  0%| F|  |TAMS 0x0000000087a00000, 0x0000000087a00000| Untracked 
|  83|0x0000000087b00000, 0x0000000087b00000, 0x0000000087c00000|  0%| F|  |TAMS 0x0000000087b00000, 0x0000000087b00000| Untracked 
|  84|0x0000000087c00000, 0x0000000087c00000, 0x0000000087d00000|  0%| F|  |TAMS 0x0000000087c00000, 0x0000000087c00000| Untracked 
|  85|0x0000000087d00000, 0x0000000087d00000, 0x0000000087e00000|  0%| F|  |TAMS 0x0000000087d00000, 0x0000000087d00000| Untracked 
|  86|0x0000000087e00000, 0x0000000087e00000, 0x0000000087f00000|  0%| F|  |TAMS 0x0000000087e00000, 0x0000000087e00000| Untracked 
|  87|0x0000000087f00000, 0x0000000087f00000, 0x0000000088000000|  0%| F|  |TAMS 0x0000000087f00000, 0x0000000087f00000| Untracked 
|  88|0x0000000088000000, 0x0000000088000000, 0x0000000088100000|  0%| F|  |TAMS 0x0000000088000000, 0x0000000088000000| Untracked 
|  89|0x0000000088100000, 0x0000000088100000, 0x0000000088200000|  0%| F|  |TAMS 0x0000000088100000, 0x0000000088100000| Untracked 
|  90|0x0000000088200000, 0x0000000088200000, 0x0000000088300000|  0%| F|  |TAMS 0x0000000088200000, 0x0000000088200000| Untracked 
|  91|0x0000000088300000, 0x0000000088300000, 0x0000000088400000|  0%| F|  |TAMS 0x0000000088300000, 0x0000000088300000| Untracked 
|  92|0x0000000088400000, 0x0000000088400000, 0x0000000088500000|  0%| F|  |TAMS 0x0000000088400000, 0x0000000088400000| Untracked 
|  93|0x0000000088500000, 0x0000000088500000, 0x0000000088600000|  0%| F|  |TAMS 0x0000000088500000, 0x0000000088500000| Untracked 
|  94|0x0000000088600000, 0x0000000088600000, 0x0000000088700000|  0%| F|  |TAMS 0x0000000088600000, 0x0000000088600000| Untracked 
|  95|0x0000000088700000, 0x0000000088700000, 0x0000000088800000|  0%| F|  |TAMS 0x0000000088700000, 0x0000000088700000| Untracked 
|  96|0x0000000088800000, 0x0000000088800000, 0x0000000088900000|  0%| F|  |TAMS 0x0000000088800000, 0x0000000088800000| Untracked 
|  97|0x0000000088900000, 0x0000000088900000, 0x0000000088a00000|  0%| F|  |TAMS 0x0000000088900000, 0x0000000088900000| Untracked 
|  98|0x0000000088a00000, 0x0000000088a00000, 0x0000000088b00000|  0%| F|  |TAMS 0x0000000088a00000, 0x0000000088a00000| Untracked 
|  99|0x0000000088b00000, 0x0000000088b00000, 0x0000000088c00000|  0%| F|  |TAMS 0x0000000088b00000, 0x0000000088b00000| Untracked 
| 100|0x0000000088c00000, 0x0000000088c00000, 0x0000000088d00000|  0%| F|  |TAMS 0x0000000088c00000, 0x0000000088c00000| Untracked 
| 101|0x0000000088d00000, 0x0000000088d00000, 0x0000000088e00000|  0%| F|  |TAMS 0x0000000088d00000, 0x0000000088d00000| Untracked 
| 102|0x0000000088e00000, 0x0000000088e00000, 0x0000000088f00000|  0%| F|  |TAMS 0x0000000088e00000, 0x0000000088e00000| Untracked 
| 103|0x0000000088f00000, 0x0000000088f00000, 0x0000000089000000|  0%| F|  |TAMS 0x0000000088f00000, 0x0000000088f00000| Untracked 
| 104|0x0000000089000000, 0x0000000089000000, 0x0000000089100000|  0%| F|  |TAMS 0x0000000089000000, 0x0000000089000000| Untracked 
| 105|0x0000000089100000, 0x0000000089100000, 0x0000000089200000|  0%| F|  |TAMS 0x0000000089100000, 0x0000000089100000| Untracked 
| 106|0x0000000089200000, 0x0000000089200000, 0x0000000089300000|  0%| F|  |TAMS 0x0000000089200000, 0x0000000089200000| Untracked 
| 107|0x0000000089300000, 0x0000000089300000, 0x0000000089400000|  0%| F|  |TAMS 0x0000000089300000, 0x0000000089300000| Untracked 
| 108|0x0000000089400000, 0x0000000089400000, 0x0000000089500000|  0%| F|  |TAMS 0x0000000089400000, 0x0000000089400000| Untracked 
| 109|0x0000000089500000, 0x0000000089500000, 0x0000000089600000|  0%| F|  |TAMS 0x0000000089500000, 0x0000000089500000| Untracked 
| 110|0x0000000089600000, 0x0000000089600000, 0x0000000089700000|  0%| F|  |TAMS 0x0000000089600000, 0x0000000089600000| Untracked 
| 111|0x0000000089700000, 0x0000000089700000, 0x0000000089800000|  0%| F|  |TAMS 0x0000000089700000, 0x0000000089700000| Untracked 
| 112|0x0000000089800000, 0x0000000089800000, 0x0000000089900000|  0%| F|  |TAMS 0x0000000089800000, 0x0000000089800000| Untracked 
| 113|0x0000000089900000, 0x0000000089900000, 0x0000000089a00000|  0%| F|  |TAMS 0x0000000089900000, 0x0000000089900000| Untracked 
| 114|0x0000000089a00000, 0x0000000089a00000, 0x0000000089b00000|  0%| F|  |TAMS 0x0000000089a00000, 0x0000000089a00000| Untracked 
| 115|0x0000000089b00000, 0x0000000089b00000, 0x0000000089c00000|  0%| F|  |TAMS 0x0000000089b00000, 0x0000000089b00000| Untracked 
| 116|0x0000000089c00000, 0x0000000089c00000, 0x0000000089d00000|  0%| F|  |TAMS 0x0000000089c00000, 0x0000000089c00000| Untracked 
| 117|0x0000000089d00000, 0x0000000089d00000, 0x0000000089e00000|  0%| F|  |TAMS 0x0000000089d00000, 0x0000000089d00000| Untracked 
| 118|0x0000000089e00000, 0x0000000089e00000, 0x0000000089f00000|  0%| F|  |TAMS 0x0000000089e00000, 0x0000000089e00000| Untracked 
| 119|0x0000000089f00000, 0x0000000089f00000, 0x000000008a000000|  0%| F|  |TAMS 0x0000000089f00000, 0x0000000089f00000| Untracked 
| 120|0x000000008a000000, 0x000000008a000000, 0x000000008a100000|  0%| F|  |TAMS 0x000000008a000000, 0x000000008a000000| Untracked 
| 121|0x000000008a100000, 0x000000008a176468, 0x000000008a200000| 46%| E|  |TAMS 0x000000008a100000, 0x000000008a100000| Complete 
| 122|0x000000008a200000, 0x000000008a300000, 0x000000008a300000|100%| E|CS|TAMS 0x000000008a200000, 0x000000008a200000| Complete 
| 123|0x000000008a300000, 0x000000008a400000, 0x000000008a400000|100%| E|CS|TAMS 0x000000008a300000, 0x000000008a300000| Complete 
| 124|0x000000008a400000, 0x000000008a500000, 0x000000008a500000|100%| E|CS|TAMS 0x000000008a400000, 0x000000008a400000| Complete 
| 125|0x000000008a500000, 0x000000008a600000, 0x000000008a600000|100%| E|CS|TAMS 0x000000008a500000, 0x000000008a500000| Complete 

Card table byte_map: [0x000001b99ac30000,0x000001b99b020000] _byte_map_base: 0x000001b99a81c000

Marking Bits (Prev, Next): (CMBitMap*) 0x000001b982b978e8, (CMBitMap*) 0x000001b982b97928
 Prev Bits: [0x000001b99b410000, 0x000001b99d370000)
 Next Bits: [0x000001b99d370000, 0x000001b99f2d0000)

Polling page: 0x000001b980890000

Metaspace:

Usage:
  Non-class:      4.53 MB capacity,     1.60 MB ( 35%) used,     2.92 MB ( 65%) free+waste,     5.19 KB ( <1%) overhead. 
      Class:    499.00 KB capacity,   213.94 KB ( 43%) used,   282.00 KB ( 57%) free+waste,     3.06 KB ( <1%) overhead. 
       Both:      5.02 MB capacity,     1.81 MB ( 36%) used,     3.20 MB ( 64%) free+waste,     8.25 KB ( <1%) overhead. 

Virtual space:
  Non-class space:        8.00 MB reserved,       4.75 MB ( 59%) committed 
      Class space:        1.00 GB reserved,     512.00 KB ( <1%) committed 
             Both:        1.01 GB reserved,       5.25 MB ( <1%) committed 

Chunk freelists:
   Non-Class:  32.00 KB
       Class:  13.00 KB
        Both:  45.00 KB

MaxMetaspaceSize: 17179869184.00 GB
CompressedClassSpaceSize: 1.00 GB

CodeHeap 'non-profiled nmethods': size=120000Kb used=112Kb max_used=112Kb free=119887Kb
 bounds [0x000001b992dc0000, 0x000001b993030000, 0x000001b99a2f0000]
CodeHeap 'profiled nmethods': size=120000Kb used=416Kb max_used=416Kb free=119583Kb
 bounds [0x000001b98b890000, 0x000001b98bb00000, 0x000001b992dc0000]
CodeHeap 'non-nmethods': size=5760Kb used=1130Kb max_used=1145Kb free=4629Kb
 bounds [0x000001b98b2f0000, 0x000001b98b560000, 0x000001b98b890000]
 total_blobs=723 nmethods=348 adapters=288
 compilation: enabled
              stopped_count=0, restarted_count=0
 full_count=0

Compilation events (20 events):
Event: 0.140 Thread 0x000001b9a1f5d000  331       3       java.lang.Class::getPackageName (82 bytes)
Event: 0.141 Thread 0x000001b9a1f5d000 nmethod 331 0x000001b98b8f5990 code [0x000001b98b8f5c00, 0x000001b98b8f6548]
Event: 0.142 Thread 0x000001b9a1f5d000  332       3       jdk.internal.org.objectweb.asm.SymbolTable::addConstantUtf8Reference (101 bytes)
Event: 0.142 Thread 0x000001b9a28d7800  334       4       jdk.internal.org.objectweb.asm.SymbolTable::get (13 bytes)
Event: 0.142 Thread 0x000001b9a1f5d000 nmethod 332 0x000001b98b8f6890 code [0x000001b98b8f6ac0, 0x000001b98b8f7178]
Event: 0.142 Thread 0x000001b9a1f5d000  333       3       jdk.internal.org.objectweb.asm.SymbolTable::addConstantClass (8 bytes)
Event: 0.142 Thread 0x000001b9a1f5d000 nmethod 333 0x000001b98b8f7510 code [0x000001b98b8f76c0, 0x000001b98b8f7808]
Event: 0.142 Thread 0x000001b9a1f5d000  335       3       jdk.internal.org.objectweb.asm.ByteVector::putInt (74 bytes)
Event: 0.143 Thread 0x000001b9a1f5d000 nmethod 335 0x000001b98b8f7890 code [0x000001b98b8f7a40, 0x000001b98b8f7ca8]
Event: 0.143 Thread 0x000001b9a1f5d000  337       3       java.lang.reflect.Modifier::isStatic (13 bytes)
Event: 0.143 Thread 0x000001b9a1f5d000 nmethod 337 0x000001b98b8f7e10 code [0x000001b98b8f7fa0, 0x000001b98b8f80d8]
Event: 0.143 Thread 0x000001b9a1f5d000  336       1       java.lang.reflect.Method::getName (5 bytes)
Event: 0.143 Thread 0x000001b9a1f58800  338       4       java.util.concurrent.ConcurrentHashMap::casTabAt (21 bytes)
Event: 0.143 Thread 0x000001b9a1f5d000 nmethod 336 0x000001b992dd9010 code [0x000001b992dd91a0, 0x000001b992dd9278]
Event: 0.143 Thread 0x000001b9a28d7800 nmethod 334 0x000001b992dd9310 code [0x000001b992dd94c0, 0x000001b992dd95d8]
Event: 0.143 Thread 0x000001b9a28d7800  339       4       java.util.HashMap::hash (20 bytes)
Event: 0.144 Thread 0x000001b9a1f58800 nmethod 338 0x000001b992dd9690 code [0x000001b992dd9800, 0x000001b992dd9918]
Event: 0.144 Thread 0x000001b9a1f5d000  340       3       jdk.internal.org.objectweb.asm.Frame::execute (2305 bytes)
Event: 0.144 Thread 0x000001b9a28d7800 nmethod 339 0x000001b992dd9990 code [0x000001b992dd9b20, 0x000001b992dd9c18]
Event: 0.146 Thread 0x000001b9a28d7800  343 %     4       java.util.zip.ZipFile$Source::hashN @ 2 (26 bytes)

GC Heap History (0 events):
No events

Deoptimization events (20 events):
Event: 0.094 Thread 0x000001b982b53000 Uncommon trap: trap_request=0xffffffde fr.pc=0x000001b992dce004 relative=0x0000000000000824
Event: 0.094 Thread 0x000001b982b53000 Uncommon trap: reason=class_check action=maybe_recompile pc=0x000001b992dce004 method=java.util.HashMap.putVal(ILjava/lang/Object;Ljava/lang/Object;ZZ)Ljava/lang/Object; @ 152 c2
Event: 0.094 Thread 0x000001b982b53000 DEOPT PACKING pc=0x000001b992dce004 sp=0x0000000bf15fe240
Event: 0.094 Thread 0x000001b982b53000 DEOPT UNPACKING pc=0x000001b98b33912f sp=0x0000000bf15fe1c0 mode 2
Event: 0.098 Thread 0x000001b982b53000 Uncommon trap: trap_request=0xffffff45 fr.pc=0x000001b992dce94c relative=0x000000000000008c
Event: 0.098 Thread 0x000001b982b53000 Uncommon trap: reason=unstable_if action=reinterpret pc=0x000001b992dce94c method=java.lang.String.charAt(I)C @ 4 c2
Event: 0.098 Thread 0x000001b982b53000 DEOPT PACKING pc=0x000001b992dce94c sp=0x0000000bf15fc670
Event: 0.098 Thread 0x000001b982b53000 DEOPT UNPACKING pc=0x000001b98b33912f sp=0x0000000bf15fc610 mode 2
Event: 0.108 Thread 0x000001b982b53000 Uncommon trap: trap_request=0xffffffde fr.pc=0x000001b992dce004 relative=0x0000000000000824
Event: 0.108 Thread 0x000001b982b53000 Uncommon trap: reason=class_check action=maybe_recompile pc=0x000001b992dce004 method=java.util.HashMap.putVal(ILjava/lang/Object;Ljava/lang/Object;ZZ)Ljava/lang/Object; @ 152 c2
Event: 0.108 Thread 0x000001b982b53000 DEOPT PACKING pc=0x000001b992dce004 sp=0x0000000bf15fdcb0
Event: 0.108 Thread 0x000001b982b53000 DEOPT UNPACKING pc=0x000001b98b33912f sp=0x0000000bf15fdc30 mode 2
Event: 0.108 Thread 0x000001b982b53000 Uncommon trap: trap_request=0xffffffde fr.pc=0x000001b992dce004 relative=0x0000000000000824
Event: 0.108 Thread 0x000001b982b53000 Uncommon trap: reason=class_check action=maybe_recompile pc=0x000001b992dce004 method=java.util.HashMap.putVal(ILjava/lang/Object;Ljava/lang/Object;ZZ)Ljava/lang/Object; @ 152 c2
Event: 0.108 Thread 0x000001b982b53000 DEOPT PACKING pc=0x000001b992dce004 sp=0x0000000bf15fdcb0
Event: 0.108 Thread 0x000001b982b53000 DEOPT UNPACKING pc=0x000001b98b33912f sp=0x0000000bf15fdc30 mode 2
Event: 0.135 Thread 0x000001b982b53000 Uncommon trap: trap_request=0xffffffde fr.pc=0x000001b992dce004 relative=0x0000000000000824
Event: 0.135 Thread 0x000001b982b53000 Uncommon trap: reason=class_check action=maybe_recompile pc=0x000001b992dce004 method=java.util.HashMap.putVal(ILjava/lang/Object;Ljava/lang/Object;ZZ)Ljava/lang/Object; @ 152 c2
Event: 0.135 Thread 0x000001b982b53000 DEOPT PACKING pc=0x000001b992dce004 sp=0x0000000bf15f98a0
Event: 0.135 Thread 0x000001b982b53000 DEOPT UNPACKING pc=0x000001b98b33912f sp=0x0000000bf15f9820 mode 2

Classes unloaded (0 events):
No events

Classes redefined (0 events):
No events

Internal exceptions (4 events):
Event: 0.098 Thread 0x000001b982b53000 Exception <a 'java/lang/UnsatisfiedLinkError'{0x000000008a4a7f70}> (0x000000008a4a7f70) 
thrown [./open/src/hotspot/share/prims/jvm.cpp, line 3372]
Event: 0.098 Thread 0x000001b982b53000 Exception <a 'java/lang/UnsatisfiedLinkError'{0x000000008a4a7f70}> (0x000000008a4a7f70) 
thrown [./open/src/hotspot/share/prims/jni.cpp, line 599]
Event: 0.113 Thread 0x000001b982b53000 Exception <a 'java/io/FileNotFoundException'{0x000000008a32d6b0}> (0x000000008a32d6b0) 
thrown [./open/src/hotspot/share/prims/jni.cpp, line 599]
Event: 0.120 Thread 0x000001b982b53000 Exception <a 'java/lang/NoSuchMethodError'{0x000000008a35c988}: 'int java.lang.invoke.DirectMethodHandle$Holder.invokeSpecialIFC(java.lang.Object, java.lang.Object, int)'> (0x000000008a35c988) 
thrown [./open/src/hotspot/share/interpreter/linkResolver.cpp, line 766]

Events (20 events):
Event: 0.140 loading class java/util/LinkedHashMap$LinkedValues
Event: 0.140 loading class java/util/LinkedHashMap$LinkedValues done
Event: 0.140 loading class java/util/LinkedHashMap$LinkedValueIterator
Event: 0.140 loading class java/util/LinkedHashMap$LinkedValueIterator done
Event: 0.140 loading class java/lang/reflect/ProxyGenerator
Event: 0.141 loading class java/lang/reflect/ProxyGenerator done
Event: 0.141 loading class java/lang/reflect/ProxyGenerator$ProxyMethod
Event: 0.141 loading class java/lang/reflect/ProxyGenerator$ProxyMethod done
Event: 0.141 loading class java/lang/InterruptedException
Event: 0.141 loading class java/lang/InterruptedException done
Event: 0.142 loading class java/lang/reflect/ProxyGenerator$PrimitiveTypeInfo
Event: 0.142 loading class java/lang/reflect/ProxyGenerator$PrimitiveTypeInfo done
Event: 0.142 loading class jdk/internal/org/objectweb/asm/Edge
Event: 0.142 loading class jdk/internal/org/objectweb/asm/Edge done
Event: 0.142 loading class java/lang/reflect/Proxy$ProxyBuilder$1
Event: 0.142 loading class java/lang/reflect/Proxy$ProxyBuilder$1 done
Event: 0.143 loading class java/lang/annotation/Target
Event: 0.143 loading class java/lang/annotation/Target done
Event: 0.144 loading class java/lang/reflect/UndeclaredThrowableException
Event: 0.144 loading class java/lang/reflect/UndeclaredThrowableException done


Dynamic libraries:
0x00007ff6794d0000 - 0x00007ff6794dd000 	C:\Users\lenovo\.jdks\openjdk-14.0.2\bin\java.exe
0x00007ffbb5a40000 - 0x00007ffbb5c30000 	C:\WINDOWS\SYSTEM32\ntdll.dll
0x00007ffbb4410000 - 0x00007ffbb44c2000 	C:\WINDOWS\System32\KERNEL32.DLL
0x00007ffbb2c20000 - 0x00007ffbb2ec4000 	C:\WINDOWS\System32\KERNELBASE.dll
0x00007ffbb31a0000 - 0x00007ffbb329a000 	C:\WINDOWS\System32\ucrtbase.dll
0x00007ffbafb40000 - 0x00007ffbafb58000 	C:\Users\lenovo\.jdks\openjdk-14.0.2\bin\jli.dll
0x00007ffba6ca0000 - 0x00007ffba6cb5000 	C:\Users\lenovo\.jdks\openjdk-14.0.2\bin\VCRUNTIME140.dll
0x00007ffbb4270000 - 0x00007ffbb4405000 	C:\WINDOWS\System32\USER32.dll
0x00007ffbb2ff0000 - 0x00007ffbb3011000 	C:\WINDOWS\System32\win32u.dll
0x00007ffbb4160000 - 0x00007ffbb4186000 	C:\WINDOWS\System32\GDI32.dll
0x00007ffb97e10000 - 0x00007ffb98094000 	C:\WINDOWS\WinSxS\amd64_microsoft.windows.common-controls_6595b64144ccf1df_6.0.18362.1016_none_9e7a36bbe461dae4\COMCTL32.dll
0x00007ffbb3a30000 - 0x00007ffbb3bc6000 	C:\WINDOWS\System32\gdi32full.dll
0x00007ffbb3e90000 - 0x00007ffbb3f2e000 	C:\WINDOWS\System32\msvcrt.dll
0x00007ffbb2f50000 - 0x00007ffbb2fee000 	C:\WINDOWS\System32\msvcp_win.dll
0x00007ffbb5440000 - 0x00007ffbb5775000 	C:\WINDOWS\System32\combase.dll
0x00007ffbb3ca0000 - 0x00007ffbb3dc0000 	C:\WINDOWS\System32\RPCRT4.dll
0x00007ffbb3120000 - 0x00007ffbb31a0000 	C:\WINDOWS\System32\bcryptPrimitives.dll
0x00007ffbb5780000 - 0x00007ffbb57ae000 	C:\WINDOWS\System32\IMM32.DLL
0x00007ffb92910000 - 0x00007ffb929ab000 	C:\Users\lenovo\.jdks\openjdk-14.0.2\bin\msvcp140.dll
0x00007ffb7c1f0000 - 0x00007ffb7cd0e000 	C:\Users\lenovo\.jdks\openjdk-14.0.2\bin\server\jvm.dll
0x00007ffbb5390000 - 0x00007ffbb5433000 	C:\WINDOWS\System32\ADVAPI32.dll
0x00007ffbb3f30000 - 0x00007ffbb3fc7000 	C:\WINDOWS\System32\sechost.dll
0x00007ffbb4c90000 - 0x00007ffbb4c98000 	C:\WINDOWS\System32\PSAPI.DLL
0x00007ffb9a620000 - 0x00007ffb9a629000 	C:\WINDOWS\SYSTEM32\WSOCK32.dll
0x00007ffbad600000 - 0x00007ffbad60a000 	C:\WINDOWS\SYSTEM32\VERSION.dll
0x00007ffbb57e0000 - 0x00007ffbb584f000 	C:\WINDOWS\System32\WS2_32.dll
0x00007ffbade10000 - 0x00007ffbade34000 	C:\WINDOWS\SYSTEM32\WINMM.dll
0x00007ffbadde0000 - 0x00007ffbade0d000 	C:\WINDOWS\SYSTEM32\winmmbase.dll
0x00007ffbb30d0000 - 0x00007ffbb311a000 	C:\WINDOWS\System32\cfgmgr32.dll
0x00007ffbb2a00000 - 0x00007ffbb2a11000 	C:\WINDOWS\System32\kernel.appcore.dll
0x00007ffbafae0000 - 0x00007ffbafaea000 	C:\Users\lenovo\.jdks\openjdk-14.0.2\bin\jimage.dll
0x00007ffb99660000 - 0x00007ffb99854000 	C:\WINDOWS\SYSTEM32\DBGHELP.DLL
0x00007ffb99ae0000 - 0x00007ffb99b0a000 	C:\WINDOWS\SYSTEM32\dbgcore.DLL
0x00007ffba6c90000 - 0x00007ffba6c9e000 	C:\Users\lenovo\.jdks\openjdk-14.0.2\bin\instrument.dll
0x00007ffb98bd0000 - 0x00007ffb98bf5000 	C:\Users\lenovo\.jdks\openjdk-14.0.2\bin\java.dll
0x00007ffba6b50000 - 0x00007ffba6b66000 	C:\Users\lenovo\.jdks\openjdk-14.0.2\bin\zip.dll
0x00007ffbb4ca0000 - 0x00007ffbb5387000 	C:\WINDOWS\System32\SHELL32.dll
0x00007ffbb44d0000 - 0x00007ffbb4579000 	C:\WINDOWS\System32\shcore.dll
0x00007ffbb32a0000 - 0x00007ffbb3a22000 	C:\WINDOWS\System32\windows.storage.dll
0x00007ffbb2a20000 - 0x00007ffbb2a43000 	C:\WINDOWS\System32\profapi.dll
0x00007ffbb2a50000 - 0x00007ffbb2a9a000 	C:\WINDOWS\System32\powrprof.dll
0x00007ffbb29d0000 - 0x00007ffbb29e0000 	C:\WINDOWS\System32\UMPDC.dll
0x00007ffbb3fd0000 - 0x00007ffbb4022000 	C:\WINDOWS\System32\shlwapi.dll
0x00007ffbb2f30000 - 0x00007ffbb2f47000 	C:\WINDOWS\System32\cryptsp.dll
0x00007ffba6a70000 - 0x00007ffba6a89000 	C:\Users\lenovo\.jdks\openjdk-14.0.2\bin\net.dll
0x00007ffbad930000 - 0x00007ffbada20000 	C:\WINDOWS\SYSTEM32\WINHTTP.dll
0x00007ffbb2230000 - 0x00007ffbb2297000 	C:\WINDOWS\system32\mswsock.dll
0x00007ffba5530000 - 0x00007ffba5542000 	C:\Users\lenovo\.jdks\openjdk-14.0.2\bin\nio.dll
0x00007ffba7670000 - 0x00007ffba7680000 	C:\Users\lenovo\.jdks\openjdk-14.0.2\bin\verify.dll

dbghelp: loaded successfully - version: 4.0.5 - missing functions: none
symbol engine: initialized successfully - sym options: 0x614 - pdb path: .;C:\Users\lenovo\.jdks\openjdk-14.0.2\bin;C:\WINDOWS\SYSTEM32;C:\WINDOWS\WinSxS\amd64_microsoft.windows.common-controls_6595b64144ccf1df_6.0.18362.1016_none_9e7a36bbe461dae4;C:\Users\lenovo\.jdks\openjdk-14.0.2\bin\server

VM Arguments:
jvm_args: -ea -Didea.test.cyclic.buffer.size=1048576 -javaagent:C:\Program Files\JetBrains\IntelliJ IDEA 2020.1.4\lib\idea_rt.jar=57216:C:\Program Files\JetBrains\IntelliJ IDEA 2020.1.4\bin -Dfile.encoding=UTF-8 
java_command: com.intellij.rt.junit.JUnitStarter -ideVersion5 -junit4 cn.hit.jedis.JedisTest,test3
java_class_path (initial): C:\Program Files\JetBrains\IntelliJ IDEA 2020.1.4\lib\idea_rt.jar;C:\Program Files\JetBrains\IntelliJ IDEA 2020.1.4\plugins\junit\lib\junit5-rt.jar;C:\Program Files\JetBrains\IntelliJ IDEA 2020.1.4\plugins\junit\lib\junit-rt.jar;C:\Users\lenovo\IdeaProjects\Java_learn\out\production\tomcat;D:\Program Files\apache-tomcat-8.5.57\lib\jsp-api.jar;D:\Program Files\apache-tomcat-8.5.57\lib\servlet-api.jar;C:\Users\lenovo\IdeaProjects\Java_learn\tomcat\web\WEB-INF\lib\jstl.jar;C:\Users\lenovo\IdeaProjects\Java_learn\tomcat\web\WEB-INF\lib\standard.jar;C:\Users\lenovo\IdeaProjects\Java_learn\tomcat\web\WEB-INF\lib\jackson-annotations-2.2.3.jar;C:\Users\lenovo\IdeaProjects\Java_learn\tomcat\web\WEB-INF\lib\jackson-core-2.2.3.jar;C:\Users\lenovo\IdeaProjects\Java_learn\tomcat\web\WEB-INF\lib\jackson-databind-2.2.3.jar;C:\Users\lenovo\.m2\repository\junit\junit\4.12\junit-4.12.jar;C:\Users\lenovo\.m2\repository\org\hamcrest\hamcrest-core\1.3\hamcrest-core-1.3.jar;C:\Users\lenovo\IdeaProjects\Java_learn\tomcat\web\WEB-INF\lib\commons-pool2-2.3.jar;C:\Users\lenovo\IdeaProjects\Java_learn\tomcat\web\WEB-INF\lib\jedis-2.9.0.jar
Launcher Type: SUN_STANDARD

[Global flags]
     intx CICompilerCount                          = 4                                         {product} {ergonomic}
     uint ConcGCThreads                            = 3                                         {product} {ergonomic}
     uint G1ConcRefinementThreads                  = 10                                        {product} {ergonomic}
   size_t G1HeapRegionSize                         = 1048576                                   {product} {ergonomic}
    uintx GCDrainStackTargetSize                   = 64                                        {product} {ergonomic}
   size_t InitialHeapSize                          = 132120576                                 {product} {ergonomic}
   size_t MarkStackSize                            = 4194304                                   {product} {ergonomic}
   size_t MaxHeapSize                              = 2105540608                                {product} {ergonomic}
   size_t MaxNewSize                               = 1262485504                                {product} {ergonomic}
   size_t MinHeapDeltaBytes                        = 1048576                                   {product} {ergonomic}
   size_t MinHeapSize                              = 8388608                                   {product} {ergonomic}
    uintx NonNMethodCodeHeapSize                   = 5839372                                {pd product} {ergonomic}
    uintx NonProfiledCodeHeapSize                  = 122909434                              {pd product} {ergonomic}
    uintx ProfiledCodeHeapSize                     = 122909434                              {pd product} {ergonomic}
    uintx ReservedCodeCacheSize                    = 251658240                              {pd product} {ergonomic}
     bool SegmentedCodeCache                       = true                                      {product} {ergonomic}
   size_t SoftMaxHeapSize                          = 2105540608                             {manageable} {ergonomic}
     bool UseCompressedClassPointers               = true                                 {lp64_product} {ergonomic}
     bool UseCompressedOops                        = true                                 {lp64_product} {ergonomic}
     bool UseG1GC                                  = true                                      {product} {ergonomic}
     bool UseLargePagesIndividualAllocation        = false                                  {pd product} {ergonomic}

Logging:
Log output configuration:
 #0: stdout all=warning uptime,level,tags
 #1: stderr all=off uptime,level,tags

Environment Variables:
JAVA_HOME=C:\Program Files\JetBrains\IntelliJ IDEA 2020.1.4\jbr
PATH=C:\Program Files (x86)\Common Files\Oracle\Java\javapath;C:\Windows\system32;C:\Windows;C:\Windows\System32\Wbem;C:\Windows\System32\WindowsPowerShell\v1.0\;C:\Program Files (x86)\NVIDIA Corporation\PhysX\Common;C:\WINDOWS\system32;C:\WINDOWS;C:\WINDOWS\System32\Wbem;C:\WINDOWS\System32\WindowsPowerShell\v1.0\;C:\WINDOWS\System32\OpenSSH\;C:\Program Files (x86)\dotnet\;C:\texlive\2020\bin\win32;C:\Users\lenovo;C:\Users\lenovo\vscode\python;C:\Users\lenovo\Anaconda3\envs\py36\Scripts;C:\Users\lenovo\Anaconda3;C:\Users\lenovo\Anaconda3\Scripts;C:\Users\lenovo\Anaconda3\Library\bin;C:\Program Files\NVIDIA Corporation\Nsight Compute 2020.1.1\;C:\Program Files\JetBrains\IntelliJ IDEA 2020.1.4\jbr\bin;C:\Program Files\nodejs\;D:\Program Files\mysql-5.7.31-winx64\bin;C:\ProgramData\chocolatey\bin;C:\Users\lenovo\scoop\shims;C:\Users\lenovo\AppData\Local\Microsoft\WindowsApps;C:\Program Files\JetBrains\PyCharm Edu 2019.3\bin;C:\Program Files\JetBrains\PyCharm 2019.3\bin;C:\Users\lenovo\OneDrive\OneDrive - North Canterbury Academy of Music\chuan\code;C:\Users\lenovo\AppData\Local\Programs\Fiddler;C:\Users\lenovo\AppData\Local\Programs\Microsoft VS Code\bin;C:\Program Files\JetBrains\PyCharm 2020.1.4\bin;C:\Program Files\JetBrains\IntelliJ IDEA 2020.1.4\bin;C:\Users\lenovo\AppData\Roaming\npm;C:\Users\lenovo\apps\gsudo;C:\Users\lenovo\AppData\Local\GitHubDesktop\bin
USERNAME=lenovo
OS=Windows_NT
PROCESSOR_IDENTIFIER=Intel64 Family 6 Model 158 Stepping 10, GenuineIntel



---------------  S Y S T E M  ---------------

OS: Windows 10 , 64 bit Build 18362 (10.0.18362.959)
OS uptime: 3 days 1:35 hours

CPU:total 12 (initial active 12) (6 cores per cpu, 2 threads per core) family 6 model 158 stepping 10, cmov, cx8, fxsr, mmx, sse, sse2, sse3, ssse3, sse4.1, sse4.2, popcnt, avx, avx2, aes, clmul, erms, rtm, 3dnowpref, lzcnt, ht, tsc, tscinvbit, bmi1, bmi2, adx, fma

Memory: 4k page, system-wide physical 8027M (1313M free)
TotalPageFile size 23171M (AvailPageFile size 0M)
current process WorkingSet (physical memory assigned to process): 40M, peak: 40M
current process commit charge ("private bytes"): 219M, peak: 220M

vm_info: OpenJDK 64-Bit Server VM (14.0.2+12-46) for windows-amd64 JRE (14.0.2+12-46), built on Jul  9 2020 00:31:16 by "mach5one" with MS VC++ 15.9 (VS2017)

END.
