#
# There is insufficient memory for the Java Runtime Environment to continue.
# Native memory allocation (malloc) failed to allocate 330096 bytes for Chunk::new
# Possible reasons:
#   The system is out of physical RAM or swap space
#   The process is running with CompressedOops enabled, and the Java Heap may be blocking the growth of the native heap
# Possible solutions:
#   Reduce memory load on the system
#   Increase physical memory or swap space
#   Check if swap backing store is full
#   Decrease Java heap size (-Xmx/-Xms)
#   Decrease number of Java threads
#   Decrease Java thread stack sizes (-Xss)
#   Set larger code cache with -XX:ReservedCodeCacheSize=
#   JVM is running with Unscaled Compressed Oops mode in which the Java heap is
#     placed in the first 4GB address space. The Java Heap base address is the
#     maximum limit for the native heap growth. Please use -XX:HeapBaseMinAddress
#     to set the Java Heap base and to place the Java Heap above 4GB virtual address.
# This output file may be truncated or incomplete.
#
#  Out of Memory Error (./open/src/hotspot/share/memory/arena.cpp:195), pid=3732, tid=6788
#
# JRE version: OpenJDK Runtime Environment (14.0.2+12) (build 14.0.2+12-46)
# Java VM: OpenJDK 64-Bit Server VM (14.0.2+12-46, mixed mode, sharing, tiered, compressed oops, g1 gc, windows-amd64)
# No core dump will be written. Minidumps are not enabled by default on client versions of Windows
#

---------------  S U M M A R Y ------------

Command Line: -ea -Didea.test.cyclic.buffer.size=1048576 -javaagent:C:\Program Files\JetBrains\IntelliJ IDEA 2020.1.4\lib\idea_rt.jar=57268:C:\Program Files\JetBrains\IntelliJ IDEA 2020.1.4\bin -Dfile.encoding=UTF-8 com.intellij.rt.junit.JUnitStarter -ideVersion5 -junit4 cn.hit.jedis.JedisTest,test3

Host: Intel(R) Core(TM) i7-8700 CPU @ 3.20GHz, 12 cores, 7G,  Windows 10 , 64 bit Build 18362 (10.0.18362.959)
Time: Sun Aug 23 16:02:44 2020 ?D1¨²¡À¨º¡Á?¨º¡À?? elapsed time: 0 seconds (0d 0h 0m 0s)

---------------  T H R E A D  ---------------

Current thread (0x0000024ce64c8000):  JavaThread "C2 CompilerThread0" daemon [_thread_in_native, id=6788, stack(0x000000c4ce500000,0x000000c4ce600000)]


Current CompileTask:
C2:    237  639       4       java.util.HashMap::putVal (300 bytes)

Stack: [0x000000c4ce500000,0x000000c4ce600000]
Native frames: (J=compiled Java code, j=interpreted, Vv=VM code, C=native code)
V  [jvm.dll+0x5f8a9a]
V  [jvm.dll+0x74247a]
V  [jvm.dll+0x743c2f]
V  [jvm.dll+0x744273]
V  [jvm.dll+0x20d288]
V  [jvm.dll+0xabb07]
V  [jvm.dll+0xac1fc]
V  [jvm.dll+0x31c438]
V  [jvm.dll+0x2e6b38]
V  [jvm.dll+0x2e5f3a]
V  [jvm.dll+0x1e5e16]
V  [jvm.dll+0x1e50b8]
V  [jvm.dll+0x1779cc]
V  [jvm.dll+0x1f4105]
V  [jvm.dll+0x1f22eb]
V  [jvm.dll+0x7070cd]
V  [jvm.dll+0x6ffeda]
V  [jvm.dll+0x5f78f6]
C  [ucrtbase.dll+0x20e82]
C  [KERNEL32.DLL+0x17bd4]
C  [ntdll.dll+0x6ce51]


---------------  P R O C E S S  ---------------

Threads class SMR info:
_java_thread_list=0x0000024ce6dd4d50, length=14, elements={
0x0000024cc6878800, 0x0000024ce64a1800, 0x0000024ce64a2800, 0x0000024ce64c2000,
0x0000024ce64c5000, 0x0000024ce64c7000, 0x0000024ce64c8000, 0x0000024ce64d5000,
0x0000024ce64ec800, 0x0000024ce65f1800, 0x0000024ce660f000, 0x0000024ce65f6800,
0x0000024ce65f2800, 0x0000024ce65f0800
}

Java Threads: ( => current thread )
  0x0000024cc6878800 JavaThread "main" [_thread_in_native, id=7632, stack(0x000000c4cd900000,0x000000c4cda00000)]
  0x0000024ce64a1800 JavaThread "Reference Handler" daemon [_thread_blocked, id=17240, stack(0x000000c4ce000000,0x000000c4ce100000)]
  0x0000024ce64a2800 JavaThread "Finalizer" daemon [_thread_blocked, id=1864, stack(0x000000c4ce100000,0x000000c4ce200000)]
  0x0000024ce64c2000 JavaThread "Signal Dispatcher" daemon [_thread_blocked, id=20508, stack(0x000000c4ce200000,0x000000c4ce300000)]
  0x0000024ce64c5000 JavaThread "Attach Listener" daemon [_thread_blocked, id=5196, stack(0x000000c4ce300000,0x000000c4ce400000)]
  0x0000024ce64c7000 JavaThread "Service Thread" daemon [_thread_blocked, id=17520, stack(0x000000c4ce400000,0x000000c4ce500000)]
=>0x0000024ce64c8000 JavaThread "C2 CompilerThread0" daemon [_thread_in_native, id=6788, stack(0x000000c4ce500000,0x000000c4ce600000)]
  0x0000024ce64d5000 JavaThread "C1 CompilerThread0" daemon [_thread_blocked, id=16724, stack(0x000000c4ce600000,0x000000c4ce700000)]
  0x0000024ce64ec800 JavaThread "Sweeper thread" daemon [_thread_blocked, id=15412, stack(0x000000c4ce700000,0x000000c4ce800000)]
  0x0000024ce65f1800 JavaThread "Common-Cleaner" daemon [_thread_blocked, id=4848, stack(0x000000c4ce800000,0x000000c4ce900000)]
  0x0000024ce660f000 JavaThread "C2 CompilerThread1" daemon [_thread_in_native, id=9944, stack(0x000000c4ce900000,0x000000c4cea00000)]
  0x0000024ce65f6800 JavaThread "Monitor Ctrl-Break" daemon [_thread_in_native, id=2288, stack(0x000000c4cea00000,0x000000c4ceb00000)]
  0x0000024ce65f2800 JavaThread "Notification Thread" daemon [_thread_blocked, id=6680, stack(0x000000c4ceb00000,0x000000c4cec00000)]
  0x0000024ce65f0800 JavaThread "commons-pool-EvictionTimer" daemon [_thread_in_vm, id=4052, stack(0x000000c4ced00000,0x000000c4cee00000)]

Other Threads:
  0x0000024ce5c9e800 VMThread "VM Thread" [stack: 0x000000c4cdf00000,0x000000c4ce000000] [id=5520]
  0x0000024ce66a2000 WatcherThread [stack: 0x000000c4cec00000,0x000000c4ced00000] [id=19204]
  0x0000024cc68b6000 GCTaskThread "GC Thread#0" [stack: 0x000000c4cda00000,0x000000c4cdb00000] [id=16484]
  0x0000024cc68c8000 ConcurrentGCThread "G1 Main Marker" [stack: 0x000000c4cdb00000,0x000000c4cdc00000] [id=18704]
  0x0000024cc68c9000 ConcurrentGCThread "G1 Conc#0" [stack: 0x000000c4cdc00000,0x000000c4cdd00000] [id=10544]
  0x0000024ce5b12000 ConcurrentGCThread "G1 Refine#0" [stack: 0x000000c4cdd00000,0x000000c4cde00000] [id=3956]
  0x0000024ce5b13800 ConcurrentGCThread "G1 Young RemSet Sampling" [stack: 0x000000c4cde00000,0x000000c4cdf00000] [id=19260]

Threads with active compile tasks:
C2 CompilerThread0      259  639       4       java.util.HashMap::putVal (300 bytes)
C2 CompilerThread1      259  720       4       java.util.HashMap::put (13 bytes)

VM state:not at safepoint (normal execution)

VM Mutex/Monitor currently owned by a thread: None

Heap address: 0x0000000082800000, size: 2008 MB, Compressed Oops mode: 32-bit
Narrow klass base: 0x0000000800000000, Narrow klass shift: 3
Compressed class space size: 1073741824 Address: 0x0000000800b30000

Heap:
 garbage-first heap   total 129024K, used 8192K [0x0000000082800000, 0x0000000100000000)
  region size 1024K, 9 young (9216K), 0 survivors (0K)
 Metaspace       used 4665K, capacity 5638K, committed 5760K, reserved 1056768K
  class space    used 547K, capacity 628K, committed 640K, reserved 1048576K
Heap Regions: E=young(eden), S=young(survivor), O=old, HS=humongous(starts), HC=humongous(continues), CS=collection set, F=free, OA=open archive, CA=closed archive, TAMS=top-at-mark-start (previous, next)
|   0|0x0000000082800000, 0x0000000082800000, 0x0000000082900000|  0%| F|  |TAMS 0x0000000082800000, 0x0000000082800000| Untracked 
|   1|0x0000000082900000, 0x0000000082900000, 0x0000000082a00000|  0%| F|  |TAMS 0x0000000082900000, 0x0000000082900000| Untracked 
|   2|0x0000000082a00000, 0x0000000082a00000, 0x0000000082b00000|  0%| F|  |TAMS 0x0000000082a00000, 0x0000000082a00000| Untracked 
|   3|0x0000000082b00000, 0x0000000082b00000, 0x0000000082c00000|  0%| F|  |TAMS 0x0000000082b00000, 0x0000000082b00000| Untracked 
|   4|0x0000000082c00000, 0x0000000082c00000, 0x0000000082d00000|  0%| F|  |TAMS 0x0000000082c00000, 0x0000000082c00000| Untracked 
|   5|0x0000000082d00000, 0x0000000082d00000, 0x0000000082e00000|  0%| F|  |TAMS 0x0000000082d00000, 0x0000000082d00000| Untracked 
|   6|0x0000000082e00000, 0x0000000082e00000, 0x0000000082f00000|  0%| F|  |TAMS 0x0000000082e00000, 0x0000000082e00000| Untracked 
|   7|0x0000000082f00000, 0x0000000082f00000, 0x0000000083000000|  0%| F|  |TAMS 0x0000000082f00000, 0x0000000082f00000| Untracked 
|   8|0x0000000083000000, 0x0000000083000000, 0x0000000083100000|  0%| F|  |TAMS 0x0000000083000000, 0x0000000083000000| Untracked 
|   9|0x0000000083100000, 0x0000000083100000, 0x0000000083200000|  0%| F|  |TAMS 0x0000000083100000, 0x0000000083100000| Untracked 
|  10|0x0000000083200000, 0x0000000083200000, 0x0000000083300000|  0%| F|  |TAMS 0x0000000083200000, 0x0000000083200000| Untracked 
|  11|0x0000000083300000, 0x0000000083300000, 0x0000000083400000|  0%| F|  |TAMS 0x0000000083300000, 0x0000000083300000| Untracked 
|  12|0x0000000083400000, 0x0000000083400000, 0x0000000083500000|  0%| F|  |TAMS 0x0000000083400000, 0x0000000083400000| Untracked 
|  13|0x0000000083500000, 0x0000000083500000, 0x0000000083600000|  0%| F|  |TAMS 0x0000000083500000, 0x0000000083500000| Untracked 
|  14|0x0000000083600000, 0x0000000083600000, 0x0000000083700000|  0%| F|  |TAMS 0x0000000083600000, 0x0000000083600000| Untracked 
|  15|0x0000000083700000, 0x0000000083700000, 0x0000000083800000|  0%| F|  |TAMS 0x0000000083700000, 0x0000000083700000| Untracked 
|  16|0x0000000083800000, 0x0000000083800000, 0x0000000083900000|  0%| F|  |TAMS 0x0000000083800000, 0x0000000083800000| Untracked 
|  17|0x0000000083900000, 0x0000000083900000, 0x0000000083a00000|  0%| F|  |TAMS 0x0000000083900000, 0x0000000083900000| Untracked 
|  18|0x0000000083a00000, 0x0000000083a00000, 0x0000000083b00000|  0%| F|  |TAMS 0x0000000083a00000, 0x0000000083a00000| Untracked 
|  19|0x0000000083b00000, 0x0000000083b00000, 0x0000000083c00000|  0%| F|  |TAMS 0x0000000083b00000, 0x0000000083b00000| Untracked 
|  20|0x0000000083c00000, 0x0000000083c00000, 0x0000000083d00000|  0%| F|  |TAMS 0x0000000083c00000, 0x0000000083c00000| Untracked 
|  21|0x0000000083d00000, 0x0000000083d00000, 0x0000000083e00000|  0%| F|  |TAMS 0x0000000083d00000, 0x0000000083d00000| Untracked 
|  22|0x0000000083e00000, 0x0000000083e00000, 0x0000000083f00000|  0%| F|  |TAMS 0x0000000083e00000, 0x0000000083e00000| Untracked 
|  23|0x0000000083f00000, 0x0000000083f00000, 0x0000000084000000|  0%| F|  |TAMS 0x0000000083f00000, 0x0000000083f00000| Untracked 
|  24|0x0000000084000000, 0x0000000084000000, 0x0000000084100000|  0%| F|  |TAMS 0x0000000084000000, 0x0000000084000000| Untracked 
|  25|0x0000000084100000, 0x0000000084100000, 0x0000000084200000|  0%| F|  |TAMS 0x0000000084100000, 0x0000000084100000| Untracked 
|  26|0x0000000084200000, 0x0000000084200000, 0x0000000084300000|  0%| F|  |TAMS 0x0000000084200000, 0x0000000084200000| Untracked 
|  27|0x0000000084300000, 0x0000000084300000, 0x0000000084400000|  0%| F|  |TAMS 0x0000000084300000, 0x0000000084300000| Untracked 
|  28|0x0000000084400000, 0x0000000084400000, 0x0000000084500000|  0%| F|  |TAMS 0x0000000084400000, 0x0000000084400000| Untracked 
|  29|0x0000000084500000, 0x0000000084500000, 0x0000000084600000|  0%| F|  |TAMS 0x0000000084500000, 0x0000000084500000| Untracked 
|  30|0x0000000084600000, 0x0000000084600000, 0x0000000084700000|  0%| F|  |TAMS 0x0000000084600000, 0x0000000084600000| Untracked 
|  31|0x0000000084700000, 0x0000000084700000, 0x0000000084800000|  0%| F|  |TAMS 0x0000000084700000, 0x0000000084700000| Untracked 
|  32|0x0000000084800000, 0x0000000084800000, 0x0000000084900000|  0%| F|  |TAMS 0x0000000084800000, 0x0000000084800000| Untracked 
|  33|0x0000000084900000, 0x0000000084900000, 0x0000000084a00000|  0%| F|  |TAMS 0x0000000084900000, 0x0000000084900000| Untracked 
|  34|0x0000000084a00000, 0x0000000084a00000, 0x0000000084b00000|  0%| F|  |TAMS 0x0000000084a00000, 0x0000000084a00000| Untracked 
|  35|0x0000000084b00000, 0x0000000084b00000, 0x0000000084c00000|  0%| F|  |TAMS 0x0000000084b00000, 0x0000000084b00000| Untracked 
|  36|0x0000000084c00000, 0x0000000084c00000, 0x0000000084d00000|  0%| F|  |TAMS 0x0000000084c00000, 0x0000000084c00000| Untracked 
|  37|0x0000000084d00000, 0x0000000084d00000, 0x0000000084e00000|  0%| F|  |TAMS 0x0000000084d00000, 0x0000000084d00000| Untracked 
|  38|0x0000000084e00000, 0x0000000084e00000, 0x0000000084f00000|  0%| F|  |TAMS 0x0000000084e00000, 0x0000000084e00000| Untracked 
|  39|0x0000000084f00000, 0x0000000084f00000, 0x0000000085000000|  0%| F|  |TAMS 0x0000000084f00000, 0x0000000084f00000| Untracked 
|  40|0x0000000085000000, 0x0000000085000000, 0x0000000085100000|  0%| F|  |TAMS 0x0000000085000000, 0x0000000085000000| Untracked 
|  41|0x0000000085100000, 0x0000000085100000, 0x0000000085200000|  0%| F|  |TAMS 0x0000000085100000, 0x0000000085100000| Untracked 
|  42|0x0000000085200000, 0x0000000085200000, 0x0000000085300000|  0%| F|  |TAMS 0x0000000085200000, 0x0000000085200000| Untracked 
|  43|0x0000000085300000, 0x0000000085300000, 0x0000000085400000|  0%| F|  |TAMS 0x0000000085300000, 0x0000000085300000| Untracked 
|  44|0x0000000085400000, 0x0000000085400000, 0x0000000085500000|  0%| F|  |TAMS 0x0000000085400000, 0x0000000085400000| Untracked 
|  45|0x0000000085500000, 0x0000000085500000, 0x0000000085600000|  0%| F|  |TAMS 0x0000000085500000, 0x0000000085500000| Untracked 
|  46|0x0000000085600000, 0x0000000085600000, 0x0000000085700000|  0%| F|  |TAMS 0x0000000085600000, 0x0000000085600000| Untracked 
|  47|0x0000000085700000, 0x0000000085700000, 0x0000000085800000|  0%| F|  |TAMS 0x0000000085700000, 0x0000000085700000| Untracked 
|  48|0x0000000085800000, 0x0000000085800000, 0x0000000085900000|  0%| F|  |TAMS 0x0000000085800000, 0x0000000085800000| Untracked 
|  49|0x0000000085900000, 0x0000000085900000, 0x0000000085a00000|  0%| F|  |TAMS 0x0000000085900000, 0x0000000085900000| Untracked 
|  50|0x0000000085a00000, 0x0000000085a00000, 0x0000000085b00000|  0%| F|  |TAMS 0x0000000085a00000, 0x0000000085a00000| Untracked 
|  51|0x0000000085b00000, 0x0000000085b00000, 0x0000000085c00000|  0%| F|  |TAMS 0x0000000085b00000, 0x0000000085b00000| Untracked 
|  52|0x0000000085c00000, 0x0000000085c00000, 0x0000000085d00000|  0%| F|  |TAMS 0x0000000085c00000, 0x0000000085c00000| Untracked 
|  53|0x0000000085d00000, 0x0000000085d00000, 0x0000000085e00000|  0%| F|  |TAMS 0x0000000085d00000, 0x0000000085d00000| Untracked 
|  54|0x0000000085e00000, 0x0000000085e00000, 0x0000000085f00000|  0%| F|  |TAMS 0x0000000085e00000, 0x0000000085e00000| Untracked 
|  55|0x0000000085f00000, 0x0000000085f00000, 0x0000000086000000|  0%| F|  |TAMS 0x0000000085f00000, 0x0000000085f00000| Untracked 
|  56|0x0000000086000000, 0x0000000086000000, 0x0000000086100000|  0%| F|  |TAMS 0x0000000086000000, 0x0000000086000000| Untracked 
|  57|0x0000000086100000, 0x0000000086100000, 0x0000000086200000|  0%| F|  |TAMS 0x0000000086100000, 0x0000000086100000| Untracked 
|  58|0x0000000086200000, 0x0000000086200000, 0x0000000086300000|  0%| F|  |TAMS 0x0000000086200000, 0x0000000086200000| Untracked 
|  59|0x0000000086300000, 0x0000000086300000, 0x0000000086400000|  0%| F|  |TAMS 0x0000000086300000, 0x0000000086300000| Untracked 
|  60|0x0000000086400000, 0x0000000086400000, 0x0000000086500000|  0%| F|  |TAMS 0x0000000086400000, 0x0000000086400000| Untracked 
|  61|0x0000000086500000, 0x0000000086500000, 0x0000000086600000|  0%| F|  |TAMS 0x0000000086500000, 0x0000000086500000| Untracked 
|  62|0x0000000086600000, 0x0000000086600000, 0x0000000086700000|  0%| F|  |TAMS 0x0000000086600000, 0x0000000086600000| Untracked 
|  63|0x0000000086700000, 0x0000000086700000, 0x0000000086800000|  0%| F|  |TAMS 0x0000000086700000, 0x0000000086700000| Untracked 
|  64|0x0000000086800000, 0x0000000086800000, 0x0000000086900000|  0%| F|  |TAMS 0x0000000086800000, 0x0000000086800000| Untracked 
|  65|0x0000000086900000, 0x0000000086900000, 0x0000000086a00000|  0%| F|  |TAMS 0x0000000086900000, 0x0000000086900000| Untracked 
|  66|0x0000000086a00000, 0x0000000086a00000, 0x0000000086b00000|  0%| F|  |TAMS 0x0000000086a00000, 0x0000000086a00000| Untracked 
|  67|0x0000000086b00000, 0x0000000086b00000, 0x0000000086c00000|  0%| F|  |TAMS 0x0000000086b00000, 0x0000000086b00000| Untracked 
|  68|0x0000000086c00000, 0x0000000086c00000, 0x0000000086d00000|  0%| F|  |TAMS 0x0000000086c00000, 0x0000000086c00000| Untracked 
|  69|0x0000000086d00000, 0x0000000086d00000, 0x0000000086e00000|  0%| F|  |TAMS 0x0000000086d00000, 0x0000000086d00000| Untracked 
|  70|0x0000000086e00000, 0x0000000086e00000, 0x0000000086f00000|  0%| F|  |TAMS 0x0000000086e00000, 0x0000000086e00000| Untracked 
|  71|0x0000000086f00000, 0x0000000086f00000, 0x0000000087000000|  0%| F|  |TAMS 0x0000000086f00000, 0x0000000086f00000| Untracked 
|  72|0x0000000087000000, 0x0000000087000000, 0x0000000087100000|  0%| F|  |TAMS 0x0000000087000000, 0x0000000087000000| Untracked 
|  73|0x0000000087100000, 0x0000000087100000, 0x0000000087200000|  0%| F|  |TAMS 0x0000000087100000, 0x0000000087100000| Untracked 
|  74|0x0000000087200000, 0x0000000087200000, 0x0000000087300000|  0%| F|  |TAMS 0x0000000087200000, 0x0000000087200000| Untracked 
|  75|0x0000000087300000, 0x0000000087300000, 0x0000000087400000|  0%| F|  |TAMS 0x0000000087300000, 0x0000000087300000| Untracked 
|  76|0x0000000087400000, 0x0000000087400000, 0x0000000087500000|  0%| F|  |TAMS 0x0000000087400000, 0x0000000087400000| Untracked 
|  77|0x0000000087500000, 0x0000000087500000, 0x0000000087600000|  0%| F|  |TAMS 0x0000000087500000, 0x0000000087500000| Untracked 
|  78|0x0000000087600000, 0x0000000087600000, 0x0000000087700000|  0%| F|  |TAMS 0x0000000087600000, 0x0000000087600000| Untracked 
|  79|0x0000000087700000, 0x0000000087700000, 0x0000000087800000|  0%| F|  |TAMS 0x0000000087700000, 0x0000000087700000| Untracked 
|  80|0x0000000087800000, 0x0000000087800000, 0x0000000087900000|  0%| F|  |TAMS 0x0000000087800000, 0x0000000087800000| Untracked 
|  81|0x0000000087900000, 0x0000000087900000, 0x0000000087a00000|  0%| F|  |TAMS 0x0000000087900000, 0x0000000087900000| Untracked 
|  82|0x0000000087a00000, 0x0000000087a00000, 0x0000000087b00000|  0%| F|  |TAMS 0x0000000087a00000, 0x0000000087a00000| Untracked 
|  83|0x0000000087b00000, 0x0000000087b00000, 0x0000000087c00000|  0%| F|  |TAMS 0x0000000087b00000, 0x0000000087b00000| Untracked 
|  84|0x0000000087c00000, 0x0000000087c00000, 0x0000000087d00000|  0%| F|  |TAMS 0x0000000087c00000, 0x0000000087c00000| Untracked 
|  85|0x0000000087d00000, 0x0000000087d00000, 0x0000000087e00000|  0%| F|  |TAMS 0x0000000087d00000, 0x0000000087d00000| Untracked 
|  86|0x0000000087e00000, 0x0000000087e00000, 0x0000000087f00000|  0%| F|  |TAMS 0x0000000087e00000, 0x0000000087e00000| Untracked 
|  87|0x0000000087f00000, 0x0000000087f00000, 0x0000000088000000|  0%| F|  |TAMS 0x0000000087f00000, 0x0000000087f00000| Untracked 
|  88|0x0000000088000000, 0x0000000088000000, 0x0000000088100000|  0%| F|  |TAMS 0x0000000088000000, 0x0000000088000000| Untracked 
|  89|0x0000000088100000, 0x0000000088100000, 0x0000000088200000|  0%| F|  |TAMS 0x0000000088100000, 0x0000000088100000| Untracked 
|  90|0x0000000088200000, 0x0000000088200000, 0x0000000088300000|  0%| F|  |TAMS 0x0000000088200000, 0x0000000088200000| Untracked 
|  91|0x0000000088300000, 0x0000000088300000, 0x0000000088400000|  0%| F|  |TAMS 0x0000000088300000, 0x0000000088300000| Untracked 
|  92|0x0000000088400000, 0x0000000088400000, 0x0000000088500000|  0%| F|  |TAMS 0x0000000088400000, 0x0000000088400000| Untracked 
|  93|0x0000000088500000, 0x0000000088500000, 0x0000000088600000|  0%| F|  |TAMS 0x0000000088500000, 0x0000000088500000| Untracked 
|  94|0x0000000088600000, 0x0000000088600000, 0x0000000088700000|  0%| F|  |TAMS 0x0000000088600000, 0x0000000088600000| Untracked 
|  95|0x0000000088700000, 0x0000000088700000, 0x0000000088800000|  0%| F|  |TAMS 0x0000000088700000, 0x0000000088700000| Untracked 
|  96|0x0000000088800000, 0x0000000088800000, 0x0000000088900000|  0%| F|  |TAMS 0x0000000088800000, 0x0000000088800000| Untracked 
|  97|0x0000000088900000, 0x0000000088900000, 0x0000000088a00000|  0%| F|  |TAMS 0x0000000088900000, 0x0000000088900000| Untracked 
|  98|0x0000000088a00000, 0x0000000088a00000, 0x0000000088b00000|  0%| F|  |TAMS 0x0000000088a00000, 0x0000000088a00000| Untracked 
|  99|0x0000000088b00000, 0x0000000088b00000, 0x0000000088c00000|  0%| F|  |TAMS 0x0000000088b00000, 0x0000000088b00000| Untracked 
| 100|0x0000000088c00000, 0x0000000088c00000, 0x0000000088d00000|  0%| F|  |TAMS 0x0000000088c00000, 0x0000000088c00000| Untracked 
| 101|0x0000000088d00000, 0x0000000088d00000, 0x0000000088e00000|  0%| F|  |TAMS 0x0000000088d00000, 0x0000000088d00000| Untracked 
| 102|0x0000000088e00000, 0x0000000088e00000, 0x0000000088f00000|  0%| F|  |TAMS 0x0000000088e00000, 0x0000000088e00000| Untracked 
| 103|0x0000000088f00000, 0x0000000088f00000, 0x0000000089000000|  0%| F|  |TAMS 0x0000000088f00000, 0x0000000088f00000| Untracked 
| 104|0x0000000089000000, 0x0000000089000000, 0x0000000089100000|  0%| F|  |TAMS 0x0000000089000000, 0x0000000089000000| Untracked 
| 105|0x0000000089100000, 0x0000000089100000, 0x0000000089200000|  0%| F|  |TAMS 0x0000000089100000, 0x0000000089100000| Untracked 
| 106|0x0000000089200000, 0x0000000089200000, 0x0000000089300000|  0%| F|  |TAMS 0x0000000089200000, 0x0000000089200000| Untracked 
| 107|0x0000000089300000, 0x0000000089300000, 0x0000000089400000|  0%| F|  |TAMS 0x0000000089300000, 0x0000000089300000| Untracked 
| 108|0x0000000089400000, 0x0000000089400000, 0x0000000089500000|  0%| F|  |TAMS 0x0000000089400000, 0x0000000089400000| Untracked 
| 109|0x0000000089500000, 0x0000000089500000, 0x0000000089600000|  0%| F|  |TAMS 0x0000000089500000, 0x0000000089500000| Untracked 
| 110|0x0000000089600000, 0x0000000089600000, 0x0000000089700000|  0%| F|  |TAMS 0x0000000089600000, 0x0000000089600000| Untracked 
| 111|0x0000000089700000, 0x0000000089700000, 0x0000000089800000|  0%| F|  |TAMS 0x0000000089700000, 0x0000000089700000| Untracked 
| 112|0x0000000089800000, 0x0000000089800000, 0x0000000089900000|  0%| F|  |TAMS 0x0000000089800000, 0x0000000089800000| Untracked 
| 113|0x0000000089900000, 0x0000000089900000, 0x0000000089a00000|  0%| F|  |TAMS 0x0000000089900000, 0x0000000089900000| Untracked 
| 114|0x0000000089a00000, 0x0000000089a00000, 0x0000000089b00000|  0%| F|  |TAMS 0x0000000089a00000, 0x0000000089a00000| Untracked 
| 115|0x0000000089b00000, 0x0000000089b00000, 0x0000000089c00000|  0%| F|  |TAMS 0x0000000089b00000, 0x0000000089b00000| Untracked 
| 116|0x0000000089c00000, 0x0000000089c00000, 0x0000000089d00000|  0%| F|  |TAMS 0x0000000089c00000, 0x0000000089c00000| Untracked 
| 117|0x0000000089d00000, 0x0000000089d768b0, 0x0000000089e00000| 46%| E|  |TAMS 0x0000000089d00000, 0x0000000089d00000| Complete 
| 118|0x0000000089e00000, 0x0000000089f00000, 0x0000000089f00000|100%| E|CS|TAMS 0x0000000089e00000, 0x0000000089e00000| Complete 
| 119|0x0000000089f00000, 0x000000008a000000, 0x000000008a000000|100%| E|CS|TAMS 0x0000000089f00000, 0x0000000089f00000| Complete 
| 120|0x000000008a000000, 0x000000008a100000, 0x000000008a100000|100%| E|CS|TAMS 0x000000008a000000, 0x000000008a000000| Complete 
| 121|0x000000008a100000, 0x000000008a200000, 0x000000008a200000|100%| E|CS|TAMS 0x000000008a100000, 0x000000008a100000| Complete 
| 122|0x000000008a200000, 0x000000008a300000, 0x000000008a300000|100%| E|CS|TAMS 0x000000008a200000, 0x000000008a200000| Complete 
| 123|0x000000008a300000, 0x000000008a400000, 0x000000008a400000|100%| E|CS|TAMS 0x000000008a300000, 0x000000008a300000| Complete 
| 124|0x000000008a400000, 0x000000008a500000, 0x000000008a500000|100%| E|CS|TAMS 0x000000008a400000, 0x000000008a400000| Complete 
| 125|0x000000008a500000, 0x000000008a600000, 0x000000008a600000|100%| E|CS|TAMS 0x000000008a500000, 0x000000008a500000| Complete 

Card table byte_map: [0x0000024cde960000,0x0000024cded50000] _byte_map_base: 0x0000024cde54c000

Marking Bits (Prev, Next): (CMBitMap*) 0x0000024cc68b7978, (CMBitMap*) 0x0000024cc68b79b8
 Prev Bits: [0x0000024cdf140000, 0x0000024ce10a0000)
 Next Bits: [0x0000024ce10a0000, 0x0000024ce3000000)

Polling page: 0x0000024cc47b0000

Metaspace:

Usage:
  Non-class:      4.96 MB capacity,     4.13 MB ( 83%) used,   834.61 KB ( 16%) free+waste,    12.44 KB ( <1%) overhead. 
      Class:    628.00 KB capacity,   550.66 KB ( 88%) used,    70.09 KB ( 11%) free+waste,     7.25 KB (  1%) overhead. 
       Both:      5.57 MB capacity,     4.67 MB ( 84%) used,   904.70 KB ( 16%) free+waste,    19.69 KB ( <1%) overhead. 

Virtual space:
  Non-class space:       12.00 MB reserved,       5.25 MB ( 44%) committed 
      Class space:        1.00 GB reserved,     640.00 KB ( <1%) committed 
             Both:        1.01 GB reserved,       5.88 MB ( <1%) committed 

Chunk freelists:
   Non-Class:  46.00 KB
       Class:  12.00 KB
        Both:  58.00 KB

MaxMetaspaceSize: 17179869184.00 GB
CompressedClassSpaceSize: 1.00 GB

CodeHeap 'non-profiled nmethods': size=120000Kb used=240Kb max_used=240Kb free=119759Kb
 bounds [0x0000024cd6ae0000, 0x0000024cd6d50000, 0x0000024cde010000]
CodeHeap 'profiled nmethods': size=120000Kb used=1285Kb max_used=1285Kb free=118714Kb
 bounds [0x0000024ccf5b0000, 0x0000024ccf820000, 0x0000024cd6ae0000]
CodeHeap 'non-nmethods': size=5760Kb used=1190Kb max_used=1197Kb free=4570Kb
 bounds [0x0000024ccf010000, 0x0000024ccf280000, 0x0000024ccf5b0000]
 total_blobs=1229 nmethods=777 adapters=365
 compilation: enabled
              stopped_count=0, restarted_count=0
 full_count=0

Compilation events (20 events):
Event: 0.234 Thread 0x0000024ce64d5000 nmethod 675 0x0000024cd6b17c90 code [0x0000024cd6b17e20, 0x0000024cd6b17ef8]
Event: 0.234 Thread 0x0000024ce64d5000  676       1       java.lang.reflect.Method::getRoot (5 bytes)
Event: 0.234 Thread 0x0000024ce64d5000 nmethod 676 0x0000024cd6b17f90 code [0x0000024cd6b18120, 0x0000024cd6b181f8]
Event: 0.234 Thread 0x0000024ce64d5000  670       3       jdk.internal.org.objectweb.asm.Frame::push (63 bytes)
Event: 0.234 Thread 0x0000024ce64d5000 nmethod 670 0x0000024ccf6b7590 code [0x0000024ccf6b7800, 0x0000024ccf6b81a8]
Event: 0.234 Thread 0x0000024ce64d5000  680       3       java.lang.invoke.LambdaForm::uncustomize (57 bytes)
Event: 0.234 Thread 0x0000024ce64d5000 nmethod 680 0x0000024ccf6b8590 code [0x0000024ccf6b8740, 0x0000024ccf6b8a68]
Event: 0.234 Thread 0x0000024ce64d5000  681       1       javax.management.MBeanFeatureInfo::getDescription (5 bytes)
Event: 0.234 Thread 0x0000024ce64d5000 nmethod 681 0x0000024cd6b18290 code [0x0000024cd6b18420, 0x0000024cd6b184f8]
Event: 0.234 Thread 0x0000024ce64d5000  682       3       java.util.TreeMap::put (247 bytes)
Event: 0.235 Thread 0x0000024ce64d5000 nmethod 682 0x0000024ccf6b8b90 code [0x0000024ccf6b8e60, 0x0000024ccf6ba278]
Event: 0.235 Thread 0x0000024ce64d5000  683       3       java.lang.reflect.Method::<init> (68 bytes)
Event: 0.235 Thread 0x0000024ce64d5000 nmethod 683 0x0000024ccf6ba810 code [0x0000024ccf6ba9e0, 0x0000024ccf6baf98]
Event: 0.235 Thread 0x0000024ce64d5000  684       3       java.nio.Buffer::<init> (105 bytes)
Event: 0.236 Thread 0x0000024ce64d5000 nmethod 684 0x0000024ccf6bb110 code [0x0000024ccf6bb3e0, 0x0000024ccf6bc1d8]
Event: 0.236 Thread 0x0000024ce64d5000  685       1       com.sun.jmx.mbeanserver.MXBeanMapping::getOpenType (5 bytes)
Event: 0.236 Thread 0x0000024ce64d5000 nmethod 685 0x0000024cd6b18890 code [0x0000024cd6b18a20, 0x0000024cd6b18af8]
Event: 0.236 Thread 0x0000024ce64d5000  687       3       jdk.internal.org.objectweb.asm.MethodWriter::visitTypeInsn (116 bytes)
Event: 0.236 Thread 0x0000024ce64d5000 nmethod 687 0x0000024ccf6bc690 code [0x0000024ccf6bc880, 0x0000024ccf6bcc88]
Event: 0.236 Thread 0x0000024ce64d5000  688       3       java.lang.invoke.MemberName::checkForTypeAlias (172 bytes)

GC Heap History (0 events):
No events

Deoptimization events (20 events):
Event: 0.121 Thread 0x0000024cc6878800 Uncommon trap: trap_request=0xffffffde fr.pc=0x0000024cd6aedbcc relative=0x000000000000086c
Event: 0.121 Thread 0x0000024cc6878800 Uncommon trap: reason=class_check action=maybe_recompile pc=0x0000024cd6aedbcc method=java.util.HashMap.putVal(ILjava/lang/Object;Ljava/lang/Object;ZZ)Ljava/lang/Object; @ 152 c2
Event: 0.121 Thread 0x0000024cc6878800 DEOPT PACKING pc=0x0000024cd6aedbcc sp=0x000000c4cd9f9da0
Event: 0.121 Thread 0x0000024cc6878800 DEOPT UNPACKING pc=0x0000024ccf05912f sp=0x000000c4cd9f9d20 mode 2
Event: 0.133 Thread 0x0000024cc6878800 DEOPT PACKING pc=0x0000024ccf5f9a68 sp=0x000000c4cd9fa3c0
Event: 0.133 Thread 0x0000024cc6878800 DEOPT UNPACKING pc=0x0000024ccf05964e sp=0x000000c4cd9f9830 mode 0
Event: 0.153 Thread 0x0000024cc6878800 Uncommon trap: trap_request=0xffffffde fr.pc=0x0000024cd6afa160 relative=0x0000000000000480
Event: 0.153 Thread 0x0000024cc6878800 Uncommon trap: reason=class_check action=maybe_recompile pc=0x0000024cd6afa160 method=java.util.HashMap.putVal(ILjava/lang/Object;Ljava/lang/Object;ZZ)Ljava/lang/Object; @ 253 c2
Event: 0.153 Thread 0x0000024cc6878800 DEOPT PACKING pc=0x0000024cd6afa160 sp=0x000000c4cd9fe910
Event: 0.153 Thread 0x0000024cc6878800 DEOPT UNPACKING pc=0x0000024ccf05912f sp=0x000000c4cd9fe8b0 mode 2
Event: 0.156 Thread 0x0000024cc6878800 DEOPT PACKING pc=0x0000024ccf6293b2 sp=0x000000c4cd9fd400
Event: 0.156 Thread 0x0000024cc6878800 DEOPT UNPACKING pc=0x0000024ccf05964e sp=0x000000c4cd9fc868 mode 0
Event: 0.165 Thread 0x0000024cc6878800 DEOPT PACKING pc=0x0000024ccf5f2150 sp=0x000000c4cd9fa980
Event: 0.165 Thread 0x0000024cc6878800 DEOPT UNPACKING pc=0x0000024ccf05964e sp=0x000000c4cd9f9e08 mode 0
Event: 0.201 Thread 0x0000024cc6878800 DEOPT PACKING pc=0x0000024ccf5faddf sp=0x000000c4cd9f7d80
Event: 0.201 Thread 0x0000024cc6878800 DEOPT UNPACKING pc=0x0000024ccf05964e sp=0x000000c4cd9f71d0 mode 0
Event: 0.229 Thread 0x0000024cc6878800 Uncommon trap: trap_request=0xffffffde fr.pc=0x0000024cd6afa160 relative=0x0000000000000480
Event: 0.229 Thread 0x0000024cc6878800 Uncommon trap: reason=class_check action=maybe_recompile pc=0x0000024cd6afa160 method=java.util.HashMap.putVal(ILjava/lang/Object;Ljava/lang/Object;ZZ)Ljava/lang/Object; @ 253 c2
Event: 0.229 Thread 0x0000024cc6878800 DEOPT PACKING pc=0x0000024cd6afa160 sp=0x000000c4cd9fc440
Event: 0.229 Thread 0x0000024cc6878800 DEOPT UNPACKING pc=0x0000024ccf05912f sp=0x000000c4cd9fc3e0 mode 2

Classes unloaded (0 events):
No events

Classes redefined (0 events):
No events

Internal exceptions (6 events):
Event: 0.101 Thread 0x0000024cc6878800 Exception <a 'java/io/FileNotFoundException'{0x000000008a3b68c8}> (0x000000008a3b68c8) 
thrown [./open/src/hotspot/share/prims/jni.cpp, line 599]
Event: 0.107 Thread 0x0000024cc6878800 Exception <a 'java/lang/NoSuchMethodError'{0x000000008a3e57f8}: 'int java.lang.invoke.DirectMethodHandle$Holder.invokeSpecialIFC(java.lang.Object, java.lang.Object, int)'> (0x000000008a3e57f8) 
thrown [./open/src/hotspot/share/interpreter/linkResolver.cpp, line 766]
Event: 0.149 Thread 0x0000024cc6878800 Exception <a 'java/lang/IncompatibleClassChangeError'{0x000000008a18f260}: Found class java.lang.Object, but interface was expected> (0x000000008a18f260) 
thrown [./open/src/hotspot/share/interpreter/linkResolver.cpp, line 832]
Event: 0.214 Thread 0x0000024cc6878800 Exception <a 'java/lang/NoSuchMethodError'{0x0000000089f3f7e8}: 'java.lang.Object java.lang.invoke.DirectMethodHandle$Holder.invokeStaticInit(java.lang.Object, java.lang.Object, java.lang.Object)'> (0x0000000089f3f7e8) 
thrown [./open/src/hotspot/share/interpreter/linkResolver.cpp, line 766]
Event: 0.216 Thread 0x0000024cc6878800 Exception <a 'java/lang/NoSuchMethodError'{0x0000000089f57ec0}: 'int java.lang.invoke.DirectMethodHandle$Holder.invokeInterface(java.lang.Object, java.lang.Object)'> (0x0000000089f57ec0) 
thrown [./open/src/hotspot/share/interpreter/linkResolver.cpp, line 766]
Event: 0.216 Thread 0x0000024cc6878800 Exception <a 'java/lang/IncompatibleClassChangeError'{0x0000000089f5ac70}: Found class java.lang.Object, but interface was expected> (0x0000000089f5ac70) 
thrown [./open/src/hotspot/share/interpreter/linkResolver.cpp, line 832]

Events (20 events):
Event: 0.234 loading class sun/management/BaseOperatingSystemImpl done
Event: 0.234 loading class com/sun/management/internal/OperatingSystemImpl done
Event: 0.235 loading class javax/management/DescriptorKey
Event: 0.235 loading class javax/management/DescriptorKey done
Event: 0.235 loading class sun/management/MemoryImpl
Event: 0.235 loading class java/lang/management/MemoryMXBean
Event: 0.235 loading class java/lang/management/MemoryMXBean done
Event: 0.235 loading class sun/management/MemoryImpl done
Event: 0.235 loading class java/lang/management/MemoryManagerMXBean
Event: 0.235 loading class java/lang/management/MemoryManagerMXBean done
Event: 0.235 loading class sun/management/MemoryManagerImpl
Event: 0.235 loading class sun/management/MemoryManagerImpl done
Event: 0.235 loading class com/sun/management/internal/GarbageCollectorExtImpl
Event: 0.235 loading class com/sun/management/GarbageCollectorMXBean
Event: 0.235 loading class java/lang/management/GarbageCollectorMXBean
Event: 0.235 loading class java/lang/management/GarbageCollectorMXBean done
Event: 0.235 loading class com/sun/management/GarbageCollectorMXBean done
Event: 0.235 loading class sun/management/GarbageCollectorImpl
Event: 0.235 loading class sun/management/GarbageCollectorImpl done
Event: 0.235 loading class com/sun/management/internal/GarbageCollectorExtImpl done


Dynamic libraries:
0x00007ff6794d0000 - 0x00007ff6794dd000 	C:\Users\lenovo\.jdks\openjdk-14.0.2\bin\java.exe
0x00007ffbb5a40000 - 0x00007ffbb5c30000 	C:\WINDOWS\SYSTEM32\ntdll.dll
0x00007ffbb4410000 - 0x00007ffbb44c2000 	C:\WINDOWS\System32\KERNEL32.DLL
0x00007ffbb2c20000 - 0x00007ffbb2ec4000 	C:\WINDOWS\System32\KERNELBASE.dll
0x00007ffbb31a0000 - 0x00007ffbb329a000 	C:\WINDOWS\System32\ucrtbase.dll
0x00007ffbafb40000 - 0x00007ffbafb58000 	C:\Users\lenovo\.jdks\openjdk-14.0.2\bin\jli.dll
0x00007ffba6ca0000 - 0x00007ffba6cb5000 	C:\Users\lenovo\.jdks\openjdk-14.0.2\bin\VCRUNTIME140.dll
0x00007ffbb4270000 - 0x00007ffbb4405000 	C:\WINDOWS\System32\USER32.dll
0x00007ffbb2ff0000 - 0x00007ffbb3011000 	C:\WINDOWS\System32\win32u.dll
0x00007ffbb4160000 - 0x00007ffbb4186000 	C:\WINDOWS\System32\GDI32.dll
0x00007ffbb3a30000 - 0x00007ffbb3bc6000 	C:\WINDOWS\System32\gdi32full.dll
0x00007ffb97e10000 - 0x00007ffb98094000 	C:\WINDOWS\WinSxS\amd64_microsoft.windows.common-controls_6595b64144ccf1df_6.0.18362.1016_none_9e7a36bbe461dae4\COMCTL32.dll
0x00007ffbb2f50000 - 0x00007ffbb2fee000 	C:\WINDOWS\System32\msvcp_win.dll
0x00007ffbb3e90000 - 0x00007ffbb3f2e000 	C:\WINDOWS\System32\msvcrt.dll
0x00007ffbb5440000 - 0x00007ffbb5775000 	C:\WINDOWS\System32\combase.dll
0x00007ffbb3ca0000 - 0x00007ffbb3dc0000 	C:\WINDOWS\System32\RPCRT4.dll
0x00007ffbb3120000 - 0x00007ffbb31a0000 	C:\WINDOWS\System32\bcryptPrimitives.dll
0x00007ffbb5780000 - 0x00007ffbb57ae000 	C:\WINDOWS\System32\IMM32.DLL
0x00007ffb92910000 - 0x00007ffb929ab000 	C:\Users\lenovo\.jdks\openjdk-14.0.2\bin\msvcp140.dll
0x00007ffb7c1f0000 - 0x00007ffb7cd0e000 	C:\Users\lenovo\.jdks\openjdk-14.0.2\bin\server\jvm.dll
0x00007ffbb5390000 - 0x00007ffbb5433000 	C:\WINDOWS\System32\ADVAPI32.dll
0x00007ffbb3f30000 - 0x00007ffbb3fc7000 	C:\WINDOWS\System32\sechost.dll
0x00007ffbb4c90000 - 0x00007ffbb4c98000 	C:\WINDOWS\System32\PSAPI.DLL
0x00007ffb9a620000 - 0x00007ffb9a629000 	C:\WINDOWS\SYSTEM32\WSOCK32.dll
0x00007ffbade10000 - 0x00007ffbade34000 	C:\WINDOWS\SYSTEM32\WINMM.dll
0x00007ffbb57e0000 - 0x00007ffbb584f000 	C:\WINDOWS\System32\WS2_32.dll
0x00007ffbad600000 - 0x00007ffbad60a000 	C:\WINDOWS\SYSTEM32\VERSION.dll
0x00007ffbadde0000 - 0x00007ffbade0d000 	C:\WINDOWS\SYSTEM32\winmmbase.dll
0x00007ffbb30d0000 - 0x00007ffbb311a000 	C:\WINDOWS\System32\cfgmgr32.dll
0x00007ffbb2a00000 - 0x00007ffbb2a11000 	C:\WINDOWS\System32\kernel.appcore.dll
0x00007ffbafae0000 - 0x00007ffbafaea000 	C:\Users\lenovo\.jdks\openjdk-14.0.2\bin\jimage.dll
0x00007ffb99660000 - 0x00007ffb99854000 	C:\WINDOWS\SYSTEM32\DBGHELP.DLL
0x00007ffb99ae0000 - 0x00007ffb99b0a000 	C:\WINDOWS\SYSTEM32\dbgcore.DLL
0x00007ffbad900000 - 0x00007ffbad90e000 	C:\Users\lenovo\.jdks\openjdk-14.0.2\bin\instrument.dll
0x00007ffba6c10000 - 0x00007ffba6c35000 	C:\Users\lenovo\.jdks\openjdk-14.0.2\bin\java.dll
0x00007ffba6bf0000 - 0x00007ffba6c06000 	C:\Users\lenovo\.jdks\openjdk-14.0.2\bin\zip.dll
0x00007ffbb4ca0000 - 0x00007ffbb5387000 	C:\WINDOWS\System32\SHELL32.dll
0x00007ffbb44d0000 - 0x00007ffbb4579000 	C:\WINDOWS\System32\shcore.dll
0x00007ffbb32a0000 - 0x00007ffbb3a22000 	C:\WINDOWS\System32\windows.storage.dll
0x00007ffbb2a20000 - 0x00007ffbb2a43000 	C:\WINDOWS\System32\profapi.dll
0x00007ffbb2a50000 - 0x00007ffbb2a9a000 	C:\WINDOWS\System32\powrprof.dll
0x00007ffbb29d0000 - 0x00007ffbb29e0000 	C:\WINDOWS\System32\UMPDC.dll
0x00007ffbb3fd0000 - 0x00007ffbb4022000 	C:\WINDOWS\System32\shlwapi.dll
0x00007ffbb2f30000 - 0x00007ffbb2f47000 	C:\WINDOWS\System32\cryptsp.dll
0x00007ffba6b50000 - 0x00007ffba6b69000 	C:\Users\lenovo\.jdks\openjdk-14.0.2\bin\net.dll
0x00007ffbad930000 - 0x00007ffbada20000 	C:\WINDOWS\SYSTEM32\WINHTTP.dll
0x00007ffbb2230000 - 0x00007ffbb2297000 	C:\WINDOWS\system32\mswsock.dll
0x00007ffba6a70000 - 0x00007ffba6a82000 	C:\Users\lenovo\.jdks\openjdk-14.0.2\bin\nio.dll
0x00007ffba7670000 - 0x00007ffba7680000 	C:\Users\lenovo\.jdks\openjdk-14.0.2\bin\verify.dll
0x00007ffba2f80000 - 0x00007ffba2f9a000 	C:\Program Files\JetBrains\IntelliJ IDEA 2020.1.4\bin\breakgen64.dll
0x00007ffbab7e0000 - 0x00007ffbab82b000 	C:\Program Files (x86)\Sangfor\SSL\ClientComponent\SangforNspX64.dll
0x00007ffbb4b30000 - 0x00007ffbb4c87000 	C:\WINDOWS\System32\ole32.dll
0x00007ffbb3bd0000 - 0x00007ffbb3c95000 	C:\WINDOWS\System32\OLEAUT32.dll
0x00007ffbaa760000 - 0x00007ffbaa776000 	C:\WINDOWS\system32\napinsp.dll
0x00007ffbaa7a0000 - 0x00007ffbaa7ba000 	C:\WINDOWS\system32\pnrpnsp.dll
0x00007ffbb1f80000 - 0x00007ffbb204b000 	C:\WINDOWS\SYSTEM32\DNSAPI.dll
0x00007ffbb4190000 - 0x00007ffbb4198000 	C:\WINDOWS\System32\NSI.dll
0x00007ffbb1f40000 - 0x00007ffbb1f7a000 	C:\WINDOWS\SYSTEM32\IPHLPAPI.DLL
0x00007ffbaa7d0000 - 0x00007ffbaa7de000 	C:\WINDOWS\System32\winrnr.dll
0x00007ffbaf500000 - 0x00007ffbaf51c000 	C:\WINDOWS\system32\NLAapi.dll
0x00007ffbaa880000 - 0x00007ffbaa895000 	C:\WINDOWS\system32\wshbth.dll
0x00007ffbaa7c0000 - 0x00007ffbaa7ca000 	C:\Windows\System32\rasadhlp.dll
0x00007ffbac130000 - 0x00007ffbac1a7000 	C:\WINDOWS\System32\fwpuclnt.dll
0x00007ffbb2aa0000 - 0x00007ffbb2ac6000 	C:\WINDOWS\System32\bcrypt.dll
0x00007ffba6c90000 - 0x00007ffba6c99000 	C:\Users\lenovo\.jdks\openjdk-14.0.2\bin\management.dll
0x00007ffba6c50000 - 0x00007ffba6c5b000 	C:\Users\lenovo\.jdks\openjdk-14.0.2\bin\management_ext.dll

dbghelp: loaded successfully - version: 4.0.5 - missing functions: none
symbol engine: initialized successfully - sym options: 0x614 - pdb path: .;C:\Users\lenovo\.jdks\openjdk-14.0.2\bin;C:\WINDOWS\SYSTEM32;C:\WINDOWS\WinSxS\amd64_microsoft.windows.common-controls_6595b64144ccf1df_6.0.18362.1016_none_9e7a36bbe461dae4;C:\Users\lenovo\.jdks\openjdk-14.0.2\bin\server;C:\Program Files\JetBrains\IntelliJ IDEA 2020.1.4\bin;C:\Program Files (x86)\Sangfor\SSL\ClientComponent

VM Arguments:
jvm_args: -ea -Didea.test.cyclic.buffer.size=1048576 -javaagent:C:\Program Files\JetBrains\IntelliJ IDEA 2020.1.4\lib\idea_rt.jar=57268:C:\Program Files\JetBrains\IntelliJ IDEA 2020.1.4\bin -Dfile.encoding=UTF-8 
java_command: com.intellij.rt.junit.JUnitStarter -ideVersion5 -junit4 cn.hit.jedis.JedisTest,test3
java_class_path (initial): C:\Program Files\JetBrains\IntelliJ IDEA 2020.1.4\lib\idea_rt.jar;C:\Program Files\JetBrains\IntelliJ IDEA 2020.1.4\plugins\junit\lib\junit5-rt.jar;C:\Program Files\JetBrains\IntelliJ IDEA 2020.1.4\plugins\junit\lib\junit-rt.jar;C:\Users\lenovo\IdeaProjects\Java_learn\out\production\tomcat;D:\Program Files\apache-tomcat-8.5.57\lib\jsp-api.jar;D:\Program Files\apache-tomcat-8.5.57\lib\servlet-api.jar;C:\Users\lenovo\IdeaProjects\Java_learn\tomcat\web\WEB-INF\lib\jstl.jar;C:\Users\lenovo\IdeaProjects\Java_learn\tomcat\web\WEB-INF\lib\standard.jar;C:\Users\lenovo\IdeaProjects\Java_learn\tomcat\web\WEB-INF\lib\jackson-annotations-2.2.3.jar;C:\Users\lenovo\IdeaProjects\Java_learn\tomcat\web\WEB-INF\lib\jackson-core-2.2.3.jar;C:\Users\lenovo\IdeaProjects\Java_learn\tomcat\web\WEB-INF\lib\jackson-databind-2.2.3.jar;C:\Users\lenovo\.m2\repository\junit\junit\4.12\junit-4.12.jar;C:\Users\lenovo\.m2\repository\org\hamcrest\hamcrest-core\1.3\hamcrest-core-1.3.jar;C:\Users\lenovo\IdeaProjects\Java_learn\tomcat\web\WEB-INF\lib\commons-pool2-2.3.jar;C:\Users\lenovo\IdeaProjects\Java_learn\tomcat\web\WEB-INF\lib\jedis-2.9.0.jar
Launcher Type: SUN_STANDARD

[Global flags]
     intx CICompilerCount                          = 4                                         {product} {ergonomic}
     uint ConcGCThreads                            = 3                                         {product} {ergonomic}
     uint G1ConcRefinementThreads                  = 10                                        {product} {ergonomic}
   size_t G1HeapRegionSize                         = 1048576                                   {product} {ergonomic}
    uintx GCDrainStackTargetSize                   = 64                                        {product} {ergonomic}
   size_t InitialHeapSize                          = 132120576                                 {product} {ergonomic}
   size_t MarkStackSize                            = 4194304                                   {product} {ergonomic}
   size_t MaxHeapSize                              = 2105540608                                {product} {ergonomic}
   size_t MaxNewSize                               = 1262485504                                {product} {ergonomic}
   size_t MinHeapDeltaBytes                        = 1048576                                   {product} {ergonomic}
   size_t MinHeapSize                              = 8388608                                   {product} {ergonomic}
    uintx NonNMethodCodeHeapSize                   = 5839372                                {pd product} {ergonomic}
    uintx NonProfiledCodeHeapSize                  = 122909434                              {pd product} {ergonomic}
    uintx ProfiledCodeHeapSize                     = 122909434                              {pd product} {ergonomic}
    uintx ReservedCodeCacheSize                    = 251658240                              {pd product} {ergonomic}
     bool SegmentedCodeCache                       = true                                      {product} {ergonomic}
   size_t SoftMaxHeapSize                          = 2105540608                             {manageable} {ergonomic}
     bool UseCompressedClassPointers               = true                                 {lp64_product} {ergonomic}
     bool UseCompressedOops                        = true                                 {lp64_product} {ergonomic}
     bool UseG1GC                                  = true                                      {product} {ergonomic}
     bool UseLargePagesIndividualAllocation        = false                                  {pd product} {ergonomic}

Logging:
Log output configuration:
 #0: stdout all=warning uptime,level,tags
 #1: stderr all=off uptime,level,tags

Environment Variables:
JAVA_HOME=C:\Program Files\JetBrains\IntelliJ IDEA 2020.1.4\jbr
PATH=C:\Program Files (x86)\Common Files\Oracle\Java\javapath;C:\Windows\system32;C:\Windows;C:\Windows\System32\Wbem;C:\Windows\System32\WindowsPowerShell\v1.0\;C:\Program Files (x86)\NVIDIA Corporation\PhysX\Common;C:\WINDOWS\system32;C:\WINDOWS;C:\WINDOWS\System32\Wbem;C:\WINDOWS\System32\WindowsPowerShell\v1.0\;C:\WINDOWS\System32\OpenSSH\;C:\Program Files (x86)\dotnet\;C:\texlive\2020\bin\win32;C:\Users\lenovo;C:\Users\lenovo\vscode\python;C:\Users\lenovo\Anaconda3\envs\py36\Scripts;C:\Users\lenovo\Anaconda3;C:\Users\lenovo\Anaconda3\Scripts;C:\Users\lenovo\Anaconda3\Library\bin;C:\Program Files\NVIDIA Corporation\Nsight Compute 2020.1.1\;C:\Program Files\JetBrains\IntelliJ IDEA 2020.1.4\jbr\bin;C:\Program Files\nodejs\;D:\Program Files\mysql-5.7.31-winx64\bin;C:\ProgramData\chocolatey\bin;C:\Users\lenovo\scoop\shims;C:\Users\lenovo\AppData\Local\Microsoft\WindowsApps;C:\Program Files\JetBrains\PyCharm Edu 2019.3\bin;C:\Program Files\JetBrains\PyCharm 2019.3\bin;C:\Users\lenovo\OneDrive\OneDrive - North Canterbury Academy of Music\chuan\code;C:\Users\lenovo\AppData\Local\Programs\Fiddler;C:\Users\lenovo\AppData\Local\Programs\Microsoft VS Code\bin;C:\Program Files\JetBrains\PyCharm 2020.1.4\bin;C:\Program Files\JetBrains\IntelliJ IDEA 2020.1.4\bin;C:\Users\lenovo\AppData\Roaming\npm;C:\Users\lenovo\apps\gsudo;C:\Users\lenovo\AppData\Local\GitHubDesktop\bin
USERNAME=lenovo
OS=Windows_NT
PROCESSOR_IDENTIFIER=Intel64 Family 6 Model 158 Stepping 10, GenuineIntel



---------------  S Y S T E M  ---------------

OS: Windows 10 , 64 bit Build 18362 (10.0.18362.959)
OS uptime: 3 days 1:38 hours

CPU:total 12 (initial active 12) (6 cores per cpu, 2 threads per core) family 6 model 158 stepping 10, cmov, cx8, fxsr, mmx, sse, sse2, sse3, ssse3, sse4.1, sse4.2, popcnt, avx, avx2, aes, clmul, erms, rtm, 3dnowpref, lzcnt, ht, tsc, tscinvbit, bmi1, bmi2, adx, fma

Memory: 4k page, system-wide physical 8027M (1251M free)
TotalPageFile size 23171M (AvailPageFile size 5M)
current process WorkingSet (physical memory assigned to process): 57M, peak: 57M
current process commit charge ("private bytes"): 226M, peak: 226M

vm_info: OpenJDK 64-Bit Server VM (14.0.2+12-46) for windows-amd64 JRE (14.0.2+12-46), built on Jul  9 2020 00:31:16 by "mach5one" with MS VC++ 15.9 (VS2017)

END.
